numid=12,iface=CARD,name='Headphone Jack'
numid=11,iface=CARD,name='Mic Jack'
numid=51,iface=MIXER,name='DISPLAY_PORT_RX Audio Mixer MultiMedia1'
numid=52,iface=MIXER,name='DISPLAY_PORT_RX Audio Mixer MultiMedia2'
numid=53,iface=MIXER,name='DISPLAY_PORT_RX Audio Mixer MultiMedia3'
numid=54,iface=MIXER,name='DISPLAY_PORT_RX Audio Mixer MultiMedia4'
numid=55,iface=MIXER,name='DISPLAY_PORT_RX Audio Mixer MultiMedia5'
numid=56,iface=MIXER,name='DISPLAY_PORT_RX Audio Mixer MultiMedia6'
numid=57,iface=MIXER,name='DISPLAY_PORT_RX Audio Mixer MultiMedia7'
numid=58,iface=MIXER,name='DISPLAY_PORT_RX Audio Mixer MultiMedia8'
numid=43,iface=MIXER,name='HDMI Mixer MultiMedia1'
numid=44,iface=MIXER,name='HDMI Mixer MultiMedia2'
numid=45,iface=MIXER,name='HDMI Mixer MultiMedia3'
numid=46,iface=MIXER,name='HDMI Mixer MultiMedia4'
numid=47,iface=MIXER,name='HDMI Mixer MultiMedia5'
numid=48,iface=MIXER,name='HDMI Mixer MultiMedia6'
numid=49,iface=MIXER,name='HDMI Mixer MultiMedia7'
numid=50,iface=MIXER,name='HDMI Mixer MultiMedia8'
numid=567,iface=MIXER,name='MultiMedia1 Mixer PRIMARY_TDM_TX_0'
numid=568,iface=MIXER,name='MultiMedia1 Mixer PRIMARY_TDM_TX_1'
numid=569,iface=MIXER,name='MultiMedia1 Mixer PRIMARY_TDM_TX_2'
numid=570,iface=MIXER,name='MultiMedia1 Mixer PRIMARY_TDM_TX_3'
numid=571,iface=MIXER,name='MultiMedia1 Mixer PRIMARY_TDM_TX_4'
numid=572,iface=MIXER,name='MultiMedia1 Mixer PRIMARY_TDM_TX_5'
numid=573,iface=MIXER,name='MultiMedia1 Mixer PRIMARY_TDM_TX_6'
numid=574,iface=MIXER,name='MultiMedia1 Mixer PRIMARY_TDM_TX_7'
numid=555,iface=MIXER,name='MultiMedia1 Mixer PRI_MI2S_TX'
numid=558,iface=MIXER,name='MultiMedia1 Mixer QUAT_MI2S_TX'
numid=591,iface=MIXER,name='MultiMedia1 Mixer QUAT_TDM_TX_0'
numid=592,iface=MIXER,name='MultiMedia1 Mixer QUAT_TDM_TX_1'
numid=593,iface=MIXER,name='MultiMedia1 Mixer QUAT_TDM_TX_2'
numid=594,iface=MIXER,name='MultiMedia1 Mixer QUAT_TDM_TX_3'
numid=595,iface=MIXER,name='MultiMedia1 Mixer QUAT_TDM_TX_4'
numid=596,iface=MIXER,name='MultiMedia1 Mixer QUAT_TDM_TX_5'
numid=597,iface=MIXER,name='MultiMedia1 Mixer QUAT_TDM_TX_6'
numid=598,iface=MIXER,name='MultiMedia1 Mixer QUAT_TDM_TX_7'
numid=559,iface=MIXER,name='MultiMedia1 Mixer QUIN_MI2S_TX'
numid=599,iface=MIXER,name='MultiMedia1 Mixer QUIN_TDM_TX_0'
numid=600,iface=MIXER,name='MultiMedia1 Mixer QUIN_TDM_TX_1'
numid=601,iface=MIXER,name='MultiMedia1 Mixer QUIN_TDM_TX_2'
numid=602,iface=MIXER,name='MultiMedia1 Mixer QUIN_TDM_TX_3'
numid=603,iface=MIXER,name='MultiMedia1 Mixer QUIN_TDM_TX_4'
numid=604,iface=MIXER,name='MultiMedia1 Mixer QUIN_TDM_TX_5'
numid=605,iface=MIXER,name='MultiMedia1 Mixer QUIN_TDM_TX_6'
numid=606,iface=MIXER,name='MultiMedia1 Mixer QUIN_TDM_TX_7'
numid=556,iface=MIXER,name='MultiMedia1 Mixer SEC_MI2S_TX'
numid=575,iface=MIXER,name='MultiMedia1 Mixer SEC_TDM_TX_0'
numid=576,iface=MIXER,name='MultiMedia1 Mixer SEC_TDM_TX_1'
numid=577,iface=MIXER,name='MultiMedia1 Mixer SEC_TDM_TX_2'
numid=578,iface=MIXER,name='MultiMedia1 Mixer SEC_TDM_TX_3'
numid=579,iface=MIXER,name='MultiMedia1 Mixer SEC_TDM_TX_4'
numid=580,iface=MIXER,name='MultiMedia1 Mixer SEC_TDM_TX_5'
numid=581,iface=MIXER,name='MultiMedia1 Mixer SEC_TDM_TX_6'
numid=582,iface=MIXER,name='MultiMedia1 Mixer SEC_TDM_TX_7'
numid=560,iface=MIXER,name='MultiMedia1 Mixer SLIMBUS_0_TX'
numid=561,iface=MIXER,name='MultiMedia1 Mixer SLIMBUS_1_TX'
numid=562,iface=MIXER,name='MultiMedia1 Mixer SLIMBUS_2_TX'
numid=563,iface=MIXER,name='MultiMedia1 Mixer SLIMBUS_3_TX'
numid=564,iface=MIXER,name='MultiMedia1 Mixer SLIMBUS_4_TX'
numid=565,iface=MIXER,name='MultiMedia1 Mixer SLIMBUS_5_TX'
numid=566,iface=MIXER,name='MultiMedia1 Mixer SLIMBUS_6_TX'
numid=557,iface=MIXER,name='MultiMedia1 Mixer TERT_MI2S_TX'
numid=583,iface=MIXER,name='MultiMedia1 Mixer TERT_TDM_TX_0'
numid=584,iface=MIXER,name='MultiMedia1 Mixer TERT_TDM_TX_1'
numid=585,iface=MIXER,name='MultiMedia1 Mixer TERT_TDM_TX_2'
numid=586,iface=MIXER,name='MultiMedia1 Mixer TERT_TDM_TX_3'
numid=587,iface=MIXER,name='MultiMedia1 Mixer TERT_TDM_TX_4'
numid=588,iface=MIXER,name='MultiMedia1 Mixer TERT_TDM_TX_5'
numid=589,iface=MIXER,name='MultiMedia1 Mixer TERT_TDM_TX_6'
numid=590,iface=MIXER,name='MultiMedia1 Mixer TERT_TDM_TX_7'
numid=613,iface=MIXER,name='MultiMedia1 Mixer TX_CODEC_DMA_TX_0'
numid=614,iface=MIXER,name='MultiMedia1 Mixer TX_CODEC_DMA_TX_1'
numid=615,iface=MIXER,name='MultiMedia1 Mixer TX_CODEC_DMA_TX_2'
numid=616,iface=MIXER,name='MultiMedia1 Mixer TX_CODEC_DMA_TX_3'
numid=617,iface=MIXER,name='MultiMedia1 Mixer TX_CODEC_DMA_TX_4'
numid=618,iface=MIXER,name='MultiMedia1 Mixer TX_CODEC_DMA_TX_5'
numid=610,iface=MIXER,name='MultiMedia1 Mixer VA_CODEC_DMA_TX_0'
numid=611,iface=MIXER,name='MultiMedia1 Mixer VA_CODEC_DMA_TX_1'
numid=612,iface=MIXER,name='MultiMedia1 Mixer VA_CODEC_DMA_TX_2'
numid=607,iface=MIXER,name='MultiMedia1 Mixer WSA_CODEC_DMA_TX_0'
numid=608,iface=MIXER,name='MultiMedia1 Mixer WSA_CODEC_DMA_TX_1'
numid=609,iface=MIXER,name='MultiMedia1 Mixer WSA_CODEC_DMA_TX_2'
numid=631,iface=MIXER,name='MultiMedia2 Mixer PRIMARY_TDM_TX_0'
numid=632,iface=MIXER,name='MultiMedia2 Mixer PRIMARY_TDM_TX_1'
numid=633,iface=MIXER,name='MultiMedia2 Mixer PRIMARY_TDM_TX_2'
numid=634,iface=MIXER,name='MultiMedia2 Mixer PRIMARY_TDM_TX_3'
numid=635,iface=MIXER,name='MultiMedia2 Mixer PRIMARY_TDM_TX_4'
numid=636,iface=MIXER,name='MultiMedia2 Mixer PRIMARY_TDM_TX_5'
numid=637,iface=MIXER,name='MultiMedia2 Mixer PRIMARY_TDM_TX_6'
numid=638,iface=MIXER,name='MultiMedia2 Mixer PRIMARY_TDM_TX_7'
numid=619,iface=MIXER,name='MultiMedia2 Mixer PRI_MI2S_TX'
numid=622,iface=MIXER,name='MultiMedia2 Mixer QUAT_MI2S_TX'
numid=655,iface=MIXER,name='MultiMedia2 Mixer QUAT_TDM_TX_0'
numid=656,iface=MIXER,name='MultiMedia2 Mixer QUAT_TDM_TX_1'
numid=657,iface=MIXER,name='MultiMedia2 Mixer QUAT_TDM_TX_2'
numid=658,iface=MIXER,name='MultiMedia2 Mixer QUAT_TDM_TX_3'
numid=659,iface=MIXER,name='MultiMedia2 Mixer QUAT_TDM_TX_4'
numid=660,iface=MIXER,name='MultiMedia2 Mixer QUAT_TDM_TX_5'
numid=661,iface=MIXER,name='MultiMedia2 Mixer QUAT_TDM_TX_6'
numid=662,iface=MIXER,name='MultiMedia2 Mixer QUAT_TDM_TX_7'
numid=623,iface=MIXER,name='MultiMedia2 Mixer QUIN_MI2S_TX'
numid=663,iface=MIXER,name='MultiMedia2 Mixer QUIN_TDM_TX_0'
numid=664,iface=MIXER,name='MultiMedia2 Mixer QUIN_TDM_TX_1'
numid=665,iface=MIXER,name='MultiMedia2 Mixer QUIN_TDM_TX_2'
numid=666,iface=MIXER,name='MultiMedia2 Mixer QUIN_TDM_TX_3'
numid=667,iface=MIXER,name='MultiMedia2 Mixer QUIN_TDM_TX_4'
numid=668,iface=MIXER,name='MultiMedia2 Mixer QUIN_TDM_TX_5'
numid=669,iface=MIXER,name='MultiMedia2 Mixer QUIN_TDM_TX_6'
numid=670,iface=MIXER,name='MultiMedia2 Mixer QUIN_TDM_TX_7'
numid=620,iface=MIXER,name='MultiMedia2 Mixer SEC_MI2S_TX'
numid=639,iface=MIXER,name='MultiMedia2 Mixer SEC_TDM_TX_0'
numid=640,iface=MIXER,name='MultiMedia2 Mixer SEC_TDM_TX_1'
numid=641,iface=MIXER,name='MultiMedia2 Mixer SEC_TDM_TX_2'
numid=642,iface=MIXER,name='MultiMedia2 Mixer SEC_TDM_TX_3'
numid=643,iface=MIXER,name='MultiMedia2 Mixer SEC_TDM_TX_4'
numid=644,iface=MIXER,name='MultiMedia2 Mixer SEC_TDM_TX_5'
numid=645,iface=MIXER,name='MultiMedia2 Mixer SEC_TDM_TX_6'
numid=646,iface=MIXER,name='MultiMedia2 Mixer SEC_TDM_TX_7'
numid=624,iface=MIXER,name='MultiMedia2 Mixer SLIMBUS_0_TX'
numid=625,iface=MIXER,name='MultiMedia2 Mixer SLIMBUS_1_TX'
numid=626,iface=MIXER,name='MultiMedia2 Mixer SLIMBUS_2_TX'
numid=627,iface=MIXER,name='MultiMedia2 Mixer SLIMBUS_3_TX'
numid=628,iface=MIXER,name='MultiMedia2 Mixer SLIMBUS_4_TX'
numid=629,iface=MIXER,name='MultiMedia2 Mixer SLIMBUS_5_TX'
numid=630,iface=MIXER,name='MultiMedia2 Mixer SLIMBUS_6_TX'
numid=621,iface=MIXER,name='MultiMedia2 Mixer TERT_MI2S_TX'
numid=647,iface=MIXER,name='MultiMedia2 Mixer TERT_TDM_TX_0'
numid=648,iface=MIXER,name='MultiMedia2 Mixer TERT_TDM_TX_1'
numid=649,iface=MIXER,name='MultiMedia2 Mixer TERT_TDM_TX_2'
numid=650,iface=MIXER,name='MultiMedia2 Mixer TERT_TDM_TX_3'
numid=651,iface=MIXER,name='MultiMedia2 Mixer TERT_TDM_TX_4'
numid=652,iface=MIXER,name='MultiMedia2 Mixer TERT_TDM_TX_5'
numid=653,iface=MIXER,name='MultiMedia2 Mixer TERT_TDM_TX_6'
numid=654,iface=MIXER,name='MultiMedia2 Mixer TERT_TDM_TX_7'
numid=677,iface=MIXER,name='MultiMedia2 Mixer TX_CODEC_DMA_TX_0'
numid=678,iface=MIXER,name='MultiMedia2 Mixer TX_CODEC_DMA_TX_1'
numid=679,iface=MIXER,name='MultiMedia2 Mixer TX_CODEC_DMA_TX_2'
numid=680,iface=MIXER,name='MultiMedia2 Mixer TX_CODEC_DMA_TX_3'
numid=681,iface=MIXER,name='MultiMedia2 Mixer TX_CODEC_DMA_TX_4'
numid=682,iface=MIXER,name='MultiMedia2 Mixer TX_CODEC_DMA_TX_5'
numid=674,iface=MIXER,name='MultiMedia2 Mixer VA_CODEC_DMA_TX_0'
numid=675,iface=MIXER,name='MultiMedia2 Mixer VA_CODEC_DMA_TX_1'
numid=676,iface=MIXER,name='MultiMedia2 Mixer VA_CODEC_DMA_TX_2'
numid=671,iface=MIXER,name='MultiMedia2 Mixer WSA_CODEC_DMA_TX_0'
numid=672,iface=MIXER,name='MultiMedia2 Mixer WSA_CODEC_DMA_TX_1'
numid=673,iface=MIXER,name='MultiMedia2 Mixer WSA_CODEC_DMA_TX_2'
numid=695,iface=MIXER,name='MultiMedia3 Mixer PRIMARY_TDM_TX_0'
numid=696,iface=MIXER,name='MultiMedia3 Mixer PRIMARY_TDM_TX_1'
numid=697,iface=MIXER,name='MultiMedia3 Mixer PRIMARY_TDM_TX_2'
numid=698,iface=MIXER,name='MultiMedia3 Mixer PRIMARY_TDM_TX_3'
numid=699,iface=MIXER,name='MultiMedia3 Mixer PRIMARY_TDM_TX_4'
numid=700,iface=MIXER,name='MultiMedia3 Mixer PRIMARY_TDM_TX_5'
numid=701,iface=MIXER,name='MultiMedia3 Mixer PRIMARY_TDM_TX_6'
numid=702,iface=MIXER,name='MultiMedia3 Mixer PRIMARY_TDM_TX_7'
numid=683,iface=MIXER,name='MultiMedia3 Mixer PRI_MI2S_TX'
numid=686,iface=MIXER,name='MultiMedia3 Mixer QUAT_MI2S_TX'
numid=719,iface=MIXER,name='MultiMedia3 Mixer QUAT_TDM_TX_0'
numid=720,iface=MIXER,name='MultiMedia3 Mixer QUAT_TDM_TX_1'
numid=721,iface=MIXER,name='MultiMedia3 Mixer QUAT_TDM_TX_2'
numid=722,iface=MIXER,name='MultiMedia3 Mixer QUAT_TDM_TX_3'
numid=723,iface=MIXER,name='MultiMedia3 Mixer QUAT_TDM_TX_4'
numid=724,iface=MIXER,name='MultiMedia3 Mixer QUAT_TDM_TX_5'
numid=725,iface=MIXER,name='MultiMedia3 Mixer QUAT_TDM_TX_6'
numid=726,iface=MIXER,name='MultiMedia3 Mixer QUAT_TDM_TX_7'
numid=687,iface=MIXER,name='MultiMedia3 Mixer QUIN_MI2S_TX'
numid=727,iface=MIXER,name='MultiMedia3 Mixer QUIN_TDM_TX_0'
numid=728,iface=MIXER,name='MultiMedia3 Mixer QUIN_TDM_TX_1'
numid=729,iface=MIXER,name='MultiMedia3 Mixer QUIN_TDM_TX_2'
numid=730,iface=MIXER,name='MultiMedia3 Mixer QUIN_TDM_TX_3'
numid=731,iface=MIXER,name='MultiMedia3 Mixer QUIN_TDM_TX_4'
numid=732,iface=MIXER,name='MultiMedia3 Mixer QUIN_TDM_TX_5'
numid=733,iface=MIXER,name='MultiMedia3 Mixer QUIN_TDM_TX_6'
numid=734,iface=MIXER,name='MultiMedia3 Mixer QUIN_TDM_TX_7'
numid=684,iface=MIXER,name='MultiMedia3 Mixer SEC_MI2S_TX'
numid=703,iface=MIXER,name='MultiMedia3 Mixer SEC_TDM_TX_0'
numid=704,iface=MIXER,name='MultiMedia3 Mixer SEC_TDM_TX_1'
numid=705,iface=MIXER,name='MultiMedia3 Mixer SEC_TDM_TX_2'
numid=706,iface=MIXER,name='MultiMedia3 Mixer SEC_TDM_TX_3'
numid=707,iface=MIXER,name='MultiMedia3 Mixer SEC_TDM_TX_4'
numid=708,iface=MIXER,name='MultiMedia3 Mixer SEC_TDM_TX_5'
numid=709,iface=MIXER,name='MultiMedia3 Mixer SEC_TDM_TX_6'
numid=710,iface=MIXER,name='MultiMedia3 Mixer SEC_TDM_TX_7'
numid=688,iface=MIXER,name='MultiMedia3 Mixer SLIMBUS_0_TX'
numid=689,iface=MIXER,name='MultiMedia3 Mixer SLIMBUS_1_TX'
numid=690,iface=MIXER,name='MultiMedia3 Mixer SLIMBUS_2_TX'
numid=691,iface=MIXER,name='MultiMedia3 Mixer SLIMBUS_3_TX'
numid=692,iface=MIXER,name='MultiMedia3 Mixer SLIMBUS_4_TX'
numid=693,iface=MIXER,name='MultiMedia3 Mixer SLIMBUS_5_TX'
numid=694,iface=MIXER,name='MultiMedia3 Mixer SLIMBUS_6_TX'
numid=685,iface=MIXER,name='MultiMedia3 Mixer TERT_MI2S_TX'
numid=711,iface=MIXER,name='MultiMedia3 Mixer TERT_TDM_TX_0'
numid=712,iface=MIXER,name='MultiMedia3 Mixer TERT_TDM_TX_1'
numid=713,iface=MIXER,name='MultiMedia3 Mixer TERT_TDM_TX_2'
numid=714,iface=MIXER,name='MultiMedia3 Mixer TERT_TDM_TX_3'
numid=715,iface=MIXER,name='MultiMedia3 Mixer TERT_TDM_TX_4'
numid=716,iface=MIXER,name='MultiMedia3 Mixer TERT_TDM_TX_5'
numid=717,iface=MIXER,name='MultiMedia3 Mixer TERT_TDM_TX_6'
numid=718,iface=MIXER,name='MultiMedia3 Mixer TERT_TDM_TX_7'
numid=741,iface=MIXER,name='MultiMedia3 Mixer TX_CODEC_DMA_TX_0'
numid=742,iface=MIXER,name='MultiMedia3 Mixer TX_CODEC_DMA_TX_1'
numid=743,iface=MIXER,name='MultiMedia3 Mixer TX_CODEC_DMA_TX_2'
numid=744,iface=MIXER,name='MultiMedia3 Mixer TX_CODEC_DMA_TX_3'
numid=745,iface=MIXER,name='MultiMedia3 Mixer TX_CODEC_DMA_TX_4'
numid=746,iface=MIXER,name='MultiMedia3 Mixer TX_CODEC_DMA_TX_5'
numid=738,iface=MIXER,name='MultiMedia3 Mixer VA_CODEC_DMA_TX_0'
numid=739,iface=MIXER,name='MultiMedia3 Mixer VA_CODEC_DMA_TX_1'
numid=740,iface=MIXER,name='MultiMedia3 Mixer VA_CODEC_DMA_TX_2'
numid=735,iface=MIXER,name='MultiMedia3 Mixer WSA_CODEC_DMA_TX_0'
numid=736,iface=MIXER,name='MultiMedia3 Mixer WSA_CODEC_DMA_TX_1'
numid=737,iface=MIXER,name='MultiMedia3 Mixer WSA_CODEC_DMA_TX_2'
numid=759,iface=MIXER,name='MultiMedia4 Mixer PRIMARY_TDM_TX_0'
numid=760,iface=MIXER,name='MultiMedia4 Mixer PRIMARY_TDM_TX_1'
numid=761,iface=MIXER,name='MultiMedia4 Mixer PRIMARY_TDM_TX_2'
numid=762,iface=MIXER,name='MultiMedia4 Mixer PRIMARY_TDM_TX_3'
numid=763,iface=MIXER,name='MultiMedia4 Mixer PRIMARY_TDM_TX_4'
numid=764,iface=MIXER,name='MultiMedia4 Mixer PRIMARY_TDM_TX_5'
numid=765,iface=MIXER,name='MultiMedia4 Mixer PRIMARY_TDM_TX_6'
numid=766,iface=MIXER,name='MultiMedia4 Mixer PRIMARY_TDM_TX_7'
numid=747,iface=MIXER,name='MultiMedia4 Mixer PRI_MI2S_TX'
numid=750,iface=MIXER,name='MultiMedia4 Mixer QUAT_MI2S_TX'
numid=783,iface=MIXER,name='MultiMedia4 Mixer QUAT_TDM_TX_0'
numid=784,iface=MIXER,name='MultiMedia4 Mixer QUAT_TDM_TX_1'
numid=785,iface=MIXER,name='MultiMedia4 Mixer QUAT_TDM_TX_2'
numid=786,iface=MIXER,name='MultiMedia4 Mixer QUAT_TDM_TX_3'
numid=787,iface=MIXER,name='MultiMedia4 Mixer QUAT_TDM_TX_4'
numid=788,iface=MIXER,name='MultiMedia4 Mixer QUAT_TDM_TX_5'
numid=789,iface=MIXER,name='MultiMedia4 Mixer QUAT_TDM_TX_6'
numid=790,iface=MIXER,name='MultiMedia4 Mixer QUAT_TDM_TX_7'
numid=751,iface=MIXER,name='MultiMedia4 Mixer QUIN_MI2S_TX'
numid=791,iface=MIXER,name='MultiMedia4 Mixer QUIN_TDM_TX_0'
numid=792,iface=MIXER,name='MultiMedia4 Mixer QUIN_TDM_TX_1'
numid=793,iface=MIXER,name='MultiMedia4 Mixer QUIN_TDM_TX_2'
numid=794,iface=MIXER,name='MultiMedia4 Mixer QUIN_TDM_TX_3'
numid=795,iface=MIXER,name='MultiMedia4 Mixer QUIN_TDM_TX_4'
numid=796,iface=MIXER,name='MultiMedia4 Mixer QUIN_TDM_TX_5'
numid=797,iface=MIXER,name='MultiMedia4 Mixer QUIN_TDM_TX_6'
numid=798,iface=MIXER,name='MultiMedia4 Mixer QUIN_TDM_TX_7'
numid=748,iface=MIXER,name='MultiMedia4 Mixer SEC_MI2S_TX'
numid=767,iface=MIXER,name='MultiMedia4 Mixer SEC_TDM_TX_0'
numid=768,iface=MIXER,name='MultiMedia4 Mixer SEC_TDM_TX_1'
numid=769,iface=MIXER,name='MultiMedia4 Mixer SEC_TDM_TX_2'
numid=770,iface=MIXER,name='MultiMedia4 Mixer SEC_TDM_TX_3'
numid=771,iface=MIXER,name='MultiMedia4 Mixer SEC_TDM_TX_4'
numid=772,iface=MIXER,name='MultiMedia4 Mixer SEC_TDM_TX_5'
numid=773,iface=MIXER,name='MultiMedia4 Mixer SEC_TDM_TX_6'
numid=774,iface=MIXER,name='MultiMedia4 Mixer SEC_TDM_TX_7'
numid=752,iface=MIXER,name='MultiMedia4 Mixer SLIMBUS_0_TX'
numid=753,iface=MIXER,name='MultiMedia4 Mixer SLIMBUS_1_TX'
numid=754,iface=MIXER,name='MultiMedia4 Mixer SLIMBUS_2_TX'
numid=755,iface=MIXER,name='MultiMedia4 Mixer SLIMBUS_3_TX'
numid=756,iface=MIXER,name='MultiMedia4 Mixer SLIMBUS_4_TX'
numid=757,iface=MIXER,name='MultiMedia4 Mixer SLIMBUS_5_TX'
numid=758,iface=MIXER,name='MultiMedia4 Mixer SLIMBUS_6_TX'
numid=749,iface=MIXER,name='MultiMedia4 Mixer TERT_MI2S_TX'
numid=775,iface=MIXER,name='MultiMedia4 Mixer TERT_TDM_TX_0'
numid=776,iface=MIXER,name='MultiMedia4 Mixer TERT_TDM_TX_1'
numid=777,iface=MIXER,name='MultiMedia4 Mixer TERT_TDM_TX_2'
numid=778,iface=MIXER,name='MultiMedia4 Mixer TERT_TDM_TX_3'
numid=779,iface=MIXER,name='MultiMedia4 Mixer TERT_TDM_TX_4'
numid=780,iface=MIXER,name='MultiMedia4 Mixer TERT_TDM_TX_5'
numid=781,iface=MIXER,name='MultiMedia4 Mixer TERT_TDM_TX_6'
numid=782,iface=MIXER,name='MultiMedia4 Mixer TERT_TDM_TX_7'
numid=805,iface=MIXER,name='MultiMedia4 Mixer TX_CODEC_DMA_TX_0'
numid=806,iface=MIXER,name='MultiMedia4 Mixer TX_CODEC_DMA_TX_1'
numid=807,iface=MIXER,name='MultiMedia4 Mixer TX_CODEC_DMA_TX_2'
numid=808,iface=MIXER,name='MultiMedia4 Mixer TX_CODEC_DMA_TX_3'
numid=809,iface=MIXER,name='MultiMedia4 Mixer TX_CODEC_DMA_TX_4'
numid=810,iface=MIXER,name='MultiMedia4 Mixer TX_CODEC_DMA_TX_5'
numid=802,iface=MIXER,name='MultiMedia4 Mixer VA_CODEC_DMA_TX_0'
numid=803,iface=MIXER,name='MultiMedia4 Mixer VA_CODEC_DMA_TX_1'
numid=804,iface=MIXER,name='MultiMedia4 Mixer VA_CODEC_DMA_TX_2'
numid=799,iface=MIXER,name='MultiMedia4 Mixer WSA_CODEC_DMA_TX_0'
numid=800,iface=MIXER,name='MultiMedia4 Mixer WSA_CODEC_DMA_TX_1'
numid=801,iface=MIXER,name='MultiMedia4 Mixer WSA_CODEC_DMA_TX_2'
numid=823,iface=MIXER,name='MultiMedia5 Mixer PRIMARY_TDM_TX_0'
numid=824,iface=MIXER,name='MultiMedia5 Mixer PRIMARY_TDM_TX_1'
numid=825,iface=MIXER,name='MultiMedia5 Mixer PRIMARY_TDM_TX_2'
numid=826,iface=MIXER,name='MultiMedia5 Mixer PRIMARY_TDM_TX_3'
numid=827,iface=MIXER,name='MultiMedia5 Mixer PRIMARY_TDM_TX_4'
numid=828,iface=MIXER,name='MultiMedia5 Mixer PRIMARY_TDM_TX_5'
numid=829,iface=MIXER,name='MultiMedia5 Mixer PRIMARY_TDM_TX_6'
numid=830,iface=MIXER,name='MultiMedia5 Mixer PRIMARY_TDM_TX_7'
numid=811,iface=MIXER,name='MultiMedia5 Mixer PRI_MI2S_TX'
numid=814,iface=MIXER,name='MultiMedia5 Mixer QUAT_MI2S_TX'
numid=847,iface=MIXER,name='MultiMedia5 Mixer QUAT_TDM_TX_0'
numid=848,iface=MIXER,name='MultiMedia5 Mixer QUAT_TDM_TX_1'
numid=849,iface=MIXER,name='MultiMedia5 Mixer QUAT_TDM_TX_2'
numid=850,iface=MIXER,name='MultiMedia5 Mixer QUAT_TDM_TX_3'
numid=851,iface=MIXER,name='MultiMedia5 Mixer QUAT_TDM_TX_4'
numid=852,iface=MIXER,name='MultiMedia5 Mixer QUAT_TDM_TX_5'
numid=853,iface=MIXER,name='MultiMedia5 Mixer QUAT_TDM_TX_6'
numid=854,iface=MIXER,name='MultiMedia5 Mixer QUAT_TDM_TX_7'
numid=815,iface=MIXER,name='MultiMedia5 Mixer QUIN_MI2S_TX'
numid=855,iface=MIXER,name='MultiMedia5 Mixer QUIN_TDM_TX_0'
numid=856,iface=MIXER,name='MultiMedia5 Mixer QUIN_TDM_TX_1'
numid=857,iface=MIXER,name='MultiMedia5 Mixer QUIN_TDM_TX_2'
numid=858,iface=MIXER,name='MultiMedia5 Mixer QUIN_TDM_TX_3'
numid=859,iface=MIXER,name='MultiMedia5 Mixer QUIN_TDM_TX_4'
numid=860,iface=MIXER,name='MultiMedia5 Mixer QUIN_TDM_TX_5'
numid=861,iface=MIXER,name='MultiMedia5 Mixer QUIN_TDM_TX_6'
numid=862,iface=MIXER,name='MultiMedia5 Mixer QUIN_TDM_TX_7'
numid=812,iface=MIXER,name='MultiMedia5 Mixer SEC_MI2S_TX'
numid=831,iface=MIXER,name='MultiMedia5 Mixer SEC_TDM_TX_0'
numid=832,iface=MIXER,name='MultiMedia5 Mixer SEC_TDM_TX_1'
numid=833,iface=MIXER,name='MultiMedia5 Mixer SEC_TDM_TX_2'
numid=834,iface=MIXER,name='MultiMedia5 Mixer SEC_TDM_TX_3'
numid=835,iface=MIXER,name='MultiMedia5 Mixer SEC_TDM_TX_4'
numid=836,iface=MIXER,name='MultiMedia5 Mixer SEC_TDM_TX_5'
numid=837,iface=MIXER,name='MultiMedia5 Mixer SEC_TDM_TX_6'
numid=838,iface=MIXER,name='MultiMedia5 Mixer SEC_TDM_TX_7'
numid=816,iface=MIXER,name='MultiMedia5 Mixer SLIMBUS_0_TX'
numid=817,iface=MIXER,name='MultiMedia5 Mixer SLIMBUS_1_TX'
numid=818,iface=MIXER,name='MultiMedia5 Mixer SLIMBUS_2_TX'
numid=819,iface=MIXER,name='MultiMedia5 Mixer SLIMBUS_3_TX'
numid=820,iface=MIXER,name='MultiMedia5 Mixer SLIMBUS_4_TX'
numid=821,iface=MIXER,name='MultiMedia5 Mixer SLIMBUS_5_TX'
numid=822,iface=MIXER,name='MultiMedia5 Mixer SLIMBUS_6_TX'
numid=813,iface=MIXER,name='MultiMedia5 Mixer TERT_MI2S_TX'
numid=839,iface=MIXER,name='MultiMedia5 Mixer TERT_TDM_TX_0'
numid=840,iface=MIXER,name='MultiMedia5 Mixer TERT_TDM_TX_1'
numid=841,iface=MIXER,name='MultiMedia5 Mixer TERT_TDM_TX_2'
numid=842,iface=MIXER,name='MultiMedia5 Mixer TERT_TDM_TX_3'
numid=843,iface=MIXER,name='MultiMedia5 Mixer TERT_TDM_TX_4'
numid=844,iface=MIXER,name='MultiMedia5 Mixer TERT_TDM_TX_5'
numid=845,iface=MIXER,name='MultiMedia5 Mixer TERT_TDM_TX_6'
numid=846,iface=MIXER,name='MultiMedia5 Mixer TERT_TDM_TX_7'
numid=869,iface=MIXER,name='MultiMedia5 Mixer TX_CODEC_DMA_TX_0'
numid=870,iface=MIXER,name='MultiMedia5 Mixer TX_CODEC_DMA_TX_1'
numid=871,iface=MIXER,name='MultiMedia5 Mixer TX_CODEC_DMA_TX_2'
numid=872,iface=MIXER,name='MultiMedia5 Mixer TX_CODEC_DMA_TX_3'
numid=873,iface=MIXER,name='MultiMedia5 Mixer TX_CODEC_DMA_TX_4'
numid=874,iface=MIXER,name='MultiMedia5 Mixer TX_CODEC_DMA_TX_5'
numid=866,iface=MIXER,name='MultiMedia5 Mixer VA_CODEC_DMA_TX_0'
numid=867,iface=MIXER,name='MultiMedia5 Mixer VA_CODEC_DMA_TX_1'
numid=868,iface=MIXER,name='MultiMedia5 Mixer VA_CODEC_DMA_TX_2'
numid=863,iface=MIXER,name='MultiMedia5 Mixer WSA_CODEC_DMA_TX_0'
numid=864,iface=MIXER,name='MultiMedia5 Mixer WSA_CODEC_DMA_TX_1'
numid=865,iface=MIXER,name='MultiMedia5 Mixer WSA_CODEC_DMA_TX_2'
numid=887,iface=MIXER,name='MultiMedia6 Mixer PRIMARY_TDM_TX_0'
numid=888,iface=MIXER,name='MultiMedia6 Mixer PRIMARY_TDM_TX_1'
numid=889,iface=MIXER,name='MultiMedia6 Mixer PRIMARY_TDM_TX_2'
numid=890,iface=MIXER,name='MultiMedia6 Mixer PRIMARY_TDM_TX_3'
numid=891,iface=MIXER,name='MultiMedia6 Mixer PRIMARY_TDM_TX_4'
numid=892,iface=MIXER,name='MultiMedia6 Mixer PRIMARY_TDM_TX_5'
numid=893,iface=MIXER,name='MultiMedia6 Mixer PRIMARY_TDM_TX_6'
numid=894,iface=MIXER,name='MultiMedia6 Mixer PRIMARY_TDM_TX_7'
numid=875,iface=MIXER,name='MultiMedia6 Mixer PRI_MI2S_TX'
numid=878,iface=MIXER,name='MultiMedia6 Mixer QUAT_MI2S_TX'
numid=911,iface=MIXER,name='MultiMedia6 Mixer QUAT_TDM_TX_0'
numid=912,iface=MIXER,name='MultiMedia6 Mixer QUAT_TDM_TX_1'
numid=913,iface=MIXER,name='MultiMedia6 Mixer QUAT_TDM_TX_2'
numid=914,iface=MIXER,name='MultiMedia6 Mixer QUAT_TDM_TX_3'
numid=915,iface=MIXER,name='MultiMedia6 Mixer QUAT_TDM_TX_4'
numid=916,iface=MIXER,name='MultiMedia6 Mixer QUAT_TDM_TX_5'
numid=917,iface=MIXER,name='MultiMedia6 Mixer QUAT_TDM_TX_6'
numid=918,iface=MIXER,name='MultiMedia6 Mixer QUAT_TDM_TX_7'
numid=879,iface=MIXER,name='MultiMedia6 Mixer QUIN_MI2S_TX'
numid=919,iface=MIXER,name='MultiMedia6 Mixer QUIN_TDM_TX_0'
numid=920,iface=MIXER,name='MultiMedia6 Mixer QUIN_TDM_TX_1'
numid=921,iface=MIXER,name='MultiMedia6 Mixer QUIN_TDM_TX_2'
numid=922,iface=MIXER,name='MultiMedia6 Mixer QUIN_TDM_TX_3'
numid=923,iface=MIXER,name='MultiMedia6 Mixer QUIN_TDM_TX_4'
numid=924,iface=MIXER,name='MultiMedia6 Mixer QUIN_TDM_TX_5'
numid=925,iface=MIXER,name='MultiMedia6 Mixer QUIN_TDM_TX_6'
numid=926,iface=MIXER,name='MultiMedia6 Mixer QUIN_TDM_TX_7'
numid=876,iface=MIXER,name='MultiMedia6 Mixer SEC_MI2S_TX'
numid=895,iface=MIXER,name='MultiMedia6 Mixer SEC_TDM_TX_0'
numid=896,iface=MIXER,name='MultiMedia6 Mixer SEC_TDM_TX_1'
numid=897,iface=MIXER,name='MultiMedia6 Mixer SEC_TDM_TX_2'
numid=898,iface=MIXER,name='MultiMedia6 Mixer SEC_TDM_TX_3'
numid=899,iface=MIXER,name='MultiMedia6 Mixer SEC_TDM_TX_4'
numid=900,iface=MIXER,name='MultiMedia6 Mixer SEC_TDM_TX_5'
numid=901,iface=MIXER,name='MultiMedia6 Mixer SEC_TDM_TX_6'
numid=902,iface=MIXER,name='MultiMedia6 Mixer SEC_TDM_TX_7'
numid=880,iface=MIXER,name='MultiMedia6 Mixer SLIMBUS_0_TX'
numid=881,iface=MIXER,name='MultiMedia6 Mixer SLIMBUS_1_TX'
numid=882,iface=MIXER,name='MultiMedia6 Mixer SLIMBUS_2_TX'
numid=883,iface=MIXER,name='MultiMedia6 Mixer SLIMBUS_3_TX'
numid=884,iface=MIXER,name='MultiMedia6 Mixer SLIMBUS_4_TX'
numid=885,iface=MIXER,name='MultiMedia6 Mixer SLIMBUS_5_TX'
numid=886,iface=MIXER,name='MultiMedia6 Mixer SLIMBUS_6_TX'
numid=877,iface=MIXER,name='MultiMedia6 Mixer TERT_MI2S_TX'
numid=903,iface=MIXER,name='MultiMedia6 Mixer TERT_TDM_TX_0'
numid=904,iface=MIXER,name='MultiMedia6 Mixer TERT_TDM_TX_1'
numid=905,iface=MIXER,name='MultiMedia6 Mixer TERT_TDM_TX_2'
numid=906,iface=MIXER,name='MultiMedia6 Mixer TERT_TDM_TX_3'
numid=907,iface=MIXER,name='MultiMedia6 Mixer TERT_TDM_TX_4'
numid=908,iface=MIXER,name='MultiMedia6 Mixer TERT_TDM_TX_5'
numid=909,iface=MIXER,name='MultiMedia6 Mixer TERT_TDM_TX_6'
numid=910,iface=MIXER,name='MultiMedia6 Mixer TERT_TDM_TX_7'
numid=933,iface=MIXER,name='MultiMedia6 Mixer TX_CODEC_DMA_TX_0'
numid=934,iface=MIXER,name='MultiMedia6 Mixer TX_CODEC_DMA_TX_1'
numid=935,iface=MIXER,name='MultiMedia6 Mixer TX_CODEC_DMA_TX_2'
numid=936,iface=MIXER,name='MultiMedia6 Mixer TX_CODEC_DMA_TX_3'
numid=937,iface=MIXER,name='MultiMedia6 Mixer TX_CODEC_DMA_TX_4'
numid=938,iface=MIXER,name='MultiMedia6 Mixer TX_CODEC_DMA_TX_5'
numid=930,iface=MIXER,name='MultiMedia6 Mixer VA_CODEC_DMA_TX_0'
numid=931,iface=MIXER,name='MultiMedia6 Mixer VA_CODEC_DMA_TX_1'
numid=932,iface=MIXER,name='MultiMedia6 Mixer VA_CODEC_DMA_TX_2'
numid=927,iface=MIXER,name='MultiMedia6 Mixer WSA_CODEC_DMA_TX_0'
numid=928,iface=MIXER,name='MultiMedia6 Mixer WSA_CODEC_DMA_TX_1'
numid=929,iface=MIXER,name='MultiMedia6 Mixer WSA_CODEC_DMA_TX_2'
numid=951,iface=MIXER,name='MultiMedia7 Mixer PRIMARY_TDM_TX_0'
numid=952,iface=MIXER,name='MultiMedia7 Mixer PRIMARY_TDM_TX_1'
numid=953,iface=MIXER,name='MultiMedia7 Mixer PRIMARY_TDM_TX_2'
numid=954,iface=MIXER,name='MultiMedia7 Mixer PRIMARY_TDM_TX_3'
numid=955,iface=MIXER,name='MultiMedia7 Mixer PRIMARY_TDM_TX_4'
numid=956,iface=MIXER,name='MultiMedia7 Mixer PRIMARY_TDM_TX_5'
numid=957,iface=MIXER,name='MultiMedia7 Mixer PRIMARY_TDM_TX_6'
numid=958,iface=MIXER,name='MultiMedia7 Mixer PRIMARY_TDM_TX_7'
numid=939,iface=MIXER,name='MultiMedia7 Mixer PRI_MI2S_TX'
numid=942,iface=MIXER,name='MultiMedia7 Mixer QUAT_MI2S_TX'
numid=975,iface=MIXER,name='MultiMedia7 Mixer QUAT_TDM_TX_0'
numid=976,iface=MIXER,name='MultiMedia7 Mixer QUAT_TDM_TX_1'
numid=977,iface=MIXER,name='MultiMedia7 Mixer QUAT_TDM_TX_2'
numid=978,iface=MIXER,name='MultiMedia7 Mixer QUAT_TDM_TX_3'
numid=979,iface=MIXER,name='MultiMedia7 Mixer QUAT_TDM_TX_4'
numid=980,iface=MIXER,name='MultiMedia7 Mixer QUAT_TDM_TX_5'
numid=981,iface=MIXER,name='MultiMedia7 Mixer QUAT_TDM_TX_6'
numid=982,iface=MIXER,name='MultiMedia7 Mixer QUAT_TDM_TX_7'
numid=943,iface=MIXER,name='MultiMedia7 Mixer QUIN_MI2S_TX'
numid=983,iface=MIXER,name='MultiMedia7 Mixer QUIN_TDM_TX_0'
numid=984,iface=MIXER,name='MultiMedia7 Mixer QUIN_TDM_TX_1'
numid=985,iface=MIXER,name='MultiMedia7 Mixer QUIN_TDM_TX_2'
numid=986,iface=MIXER,name='MultiMedia7 Mixer QUIN_TDM_TX_3'
numid=987,iface=MIXER,name='MultiMedia7 Mixer QUIN_TDM_TX_4'
numid=988,iface=MIXER,name='MultiMedia7 Mixer QUIN_TDM_TX_5'
numid=989,iface=MIXER,name='MultiMedia7 Mixer QUIN_TDM_TX_6'
numid=990,iface=MIXER,name='MultiMedia7 Mixer QUIN_TDM_TX_7'
numid=940,iface=MIXER,name='MultiMedia7 Mixer SEC_MI2S_TX'
numid=959,iface=MIXER,name='MultiMedia7 Mixer SEC_TDM_TX_0'
numid=960,iface=MIXER,name='MultiMedia7 Mixer SEC_TDM_TX_1'
numid=961,iface=MIXER,name='MultiMedia7 Mixer SEC_TDM_TX_2'
numid=962,iface=MIXER,name='MultiMedia7 Mixer SEC_TDM_TX_3'
numid=963,iface=MIXER,name='MultiMedia7 Mixer SEC_TDM_TX_4'
numid=964,iface=MIXER,name='MultiMedia7 Mixer SEC_TDM_TX_5'
numid=965,iface=MIXER,name='MultiMedia7 Mixer SEC_TDM_TX_6'
numid=966,iface=MIXER,name='MultiMedia7 Mixer SEC_TDM_TX_7'
numid=944,iface=MIXER,name='MultiMedia7 Mixer SLIMBUS_0_TX'
numid=945,iface=MIXER,name='MultiMedia7 Mixer SLIMBUS_1_TX'
numid=946,iface=MIXER,name='MultiMedia7 Mixer SLIMBUS_2_TX'
numid=947,iface=MIXER,name='MultiMedia7 Mixer SLIMBUS_3_TX'
numid=948,iface=MIXER,name='MultiMedia7 Mixer SLIMBUS_4_TX'
numid=949,iface=MIXER,name='MultiMedia7 Mixer SLIMBUS_5_TX'
numid=950,iface=MIXER,name='MultiMedia7 Mixer SLIMBUS_6_TX'
numid=941,iface=MIXER,name='MultiMedia7 Mixer TERT_MI2S_TX'
numid=967,iface=MIXER,name='MultiMedia7 Mixer TERT_TDM_TX_0'
numid=968,iface=MIXER,name='MultiMedia7 Mixer TERT_TDM_TX_1'
numid=969,iface=MIXER,name='MultiMedia7 Mixer TERT_TDM_TX_2'
numid=970,iface=MIXER,name='MultiMedia7 Mixer TERT_TDM_TX_3'
numid=971,iface=MIXER,name='MultiMedia7 Mixer TERT_TDM_TX_4'
numid=972,iface=MIXER,name='MultiMedia7 Mixer TERT_TDM_TX_5'
numid=973,iface=MIXER,name='MultiMedia7 Mixer TERT_TDM_TX_6'
numid=974,iface=MIXER,name='MultiMedia7 Mixer TERT_TDM_TX_7'
numid=997,iface=MIXER,name='MultiMedia7 Mixer TX_CODEC_DMA_TX_0'
numid=998,iface=MIXER,name='MultiMedia7 Mixer TX_CODEC_DMA_TX_1'
numid=999,iface=MIXER,name='MultiMedia7 Mixer TX_CODEC_DMA_TX_2'
numid=1000,iface=MIXER,name='MultiMedia7 Mixer TX_CODEC_DMA_TX_3'
numid=1001,iface=MIXER,name='MultiMedia7 Mixer TX_CODEC_DMA_TX_4'
numid=1002,iface=MIXER,name='MultiMedia7 Mixer TX_CODEC_DMA_TX_5'
numid=994,iface=MIXER,name='MultiMedia7 Mixer VA_CODEC_DMA_TX_0'
numid=995,iface=MIXER,name='MultiMedia7 Mixer VA_CODEC_DMA_TX_1'
numid=996,iface=MIXER,name='MultiMedia7 Mixer VA_CODEC_DMA_TX_2'
numid=991,iface=MIXER,name='MultiMedia7 Mixer WSA_CODEC_DMA_TX_0'
numid=992,iface=MIXER,name='MultiMedia7 Mixer WSA_CODEC_DMA_TX_1'
numid=993,iface=MIXER,name='MultiMedia7 Mixer WSA_CODEC_DMA_TX_2'
numid=1015,iface=MIXER,name='MultiMedia8 Mixer PRIMARY_TDM_TX_0'
numid=1016,iface=MIXER,name='MultiMedia8 Mixer PRIMARY_TDM_TX_1'
numid=1017,iface=MIXER,name='MultiMedia8 Mixer PRIMARY_TDM_TX_2'
numid=1018,iface=MIXER,name='MultiMedia8 Mixer PRIMARY_TDM_TX_3'
numid=1019,iface=MIXER,name='MultiMedia8 Mixer PRIMARY_TDM_TX_4'
numid=1020,iface=MIXER,name='MultiMedia8 Mixer PRIMARY_TDM_TX_5'
numid=1021,iface=MIXER,name='MultiMedia8 Mixer PRIMARY_TDM_TX_6'
numid=1022,iface=MIXER,name='MultiMedia8 Mixer PRIMARY_TDM_TX_7'
numid=1003,iface=MIXER,name='MultiMedia8 Mixer PRI_MI2S_TX'
numid=1006,iface=MIXER,name='MultiMedia8 Mixer QUAT_MI2S_TX'
numid=1039,iface=MIXER,name='MultiMedia8 Mixer QUAT_TDM_TX_0'
numid=1040,iface=MIXER,name='MultiMedia8 Mixer QUAT_TDM_TX_1'
numid=1041,iface=MIXER,name='MultiMedia8 Mixer QUAT_TDM_TX_2'
numid=1042,iface=MIXER,name='MultiMedia8 Mixer QUAT_TDM_TX_3'
numid=1043,iface=MIXER,name='MultiMedia8 Mixer QUAT_TDM_TX_4'
numid=1044,iface=MIXER,name='MultiMedia8 Mixer QUAT_TDM_TX_5'
numid=1045,iface=MIXER,name='MultiMedia8 Mixer QUAT_TDM_TX_6'
numid=1046,iface=MIXER,name='MultiMedia8 Mixer QUAT_TDM_TX_7'
numid=1007,iface=MIXER,name='MultiMedia8 Mixer QUIN_MI2S_TX'
numid=1047,iface=MIXER,name='MultiMedia8 Mixer QUIN_TDM_TX_0'
numid=1048,iface=MIXER,name='MultiMedia8 Mixer QUIN_TDM_TX_1'
numid=1049,iface=MIXER,name='MultiMedia8 Mixer QUIN_TDM_TX_2'
numid=1050,iface=MIXER,name='MultiMedia8 Mixer QUIN_TDM_TX_3'
numid=1051,iface=MIXER,name='MultiMedia8 Mixer QUIN_TDM_TX_4'
numid=1052,iface=MIXER,name='MultiMedia8 Mixer QUIN_TDM_TX_5'
numid=1053,iface=MIXER,name='MultiMedia8 Mixer QUIN_TDM_TX_6'
numid=1054,iface=MIXER,name='MultiMedia8 Mixer QUIN_TDM_TX_7'
numid=1004,iface=MIXER,name='MultiMedia8 Mixer SEC_MI2S_TX'
numid=1023,iface=MIXER,name='MultiMedia8 Mixer SEC_TDM_TX_0'
numid=1024,iface=MIXER,name='MultiMedia8 Mixer SEC_TDM_TX_1'
numid=1025,iface=MIXER,name='MultiMedia8 Mixer SEC_TDM_TX_2'
numid=1026,iface=MIXER,name='MultiMedia8 Mixer SEC_TDM_TX_3'
numid=1027,iface=MIXER,name='MultiMedia8 Mixer SEC_TDM_TX_4'
numid=1028,iface=MIXER,name='MultiMedia8 Mixer SEC_TDM_TX_5'
numid=1029,iface=MIXER,name='MultiMedia8 Mixer SEC_TDM_TX_6'
numid=1030,iface=MIXER,name='MultiMedia8 Mixer SEC_TDM_TX_7'
numid=1008,iface=MIXER,name='MultiMedia8 Mixer SLIMBUS_0_TX'
numid=1009,iface=MIXER,name='MultiMedia8 Mixer SLIMBUS_1_TX'
numid=1010,iface=MIXER,name='MultiMedia8 Mixer SLIMBUS_2_TX'
numid=1011,iface=MIXER,name='MultiMedia8 Mixer SLIMBUS_3_TX'
numid=1012,iface=MIXER,name='MultiMedia8 Mixer SLIMBUS_4_TX'
numid=1013,iface=MIXER,name='MultiMedia8 Mixer SLIMBUS_5_TX'
numid=1014,iface=MIXER,name='MultiMedia8 Mixer SLIMBUS_6_TX'
numid=1005,iface=MIXER,name='MultiMedia8 Mixer TERT_MI2S_TX'
numid=1031,iface=MIXER,name='MultiMedia8 Mixer TERT_TDM_TX_0'
numid=1032,iface=MIXER,name='MultiMedia8 Mixer TERT_TDM_TX_1'
numid=1033,iface=MIXER,name='MultiMedia8 Mixer TERT_TDM_TX_2'
numid=1034,iface=MIXER,name='MultiMedia8 Mixer TERT_TDM_TX_3'
numid=1035,iface=MIXER,name='MultiMedia8 Mixer TERT_TDM_TX_4'
numid=1036,iface=MIXER,name='MultiMedia8 Mixer TERT_TDM_TX_5'
numid=1037,iface=MIXER,name='MultiMedia8 Mixer TERT_TDM_TX_6'
numid=1038,iface=MIXER,name='MultiMedia8 Mixer TERT_TDM_TX_7'
numid=1061,iface=MIXER,name='MultiMedia8 Mixer TX_CODEC_DMA_TX_0'
numid=1062,iface=MIXER,name='MultiMedia8 Mixer TX_CODEC_DMA_TX_1'
numid=1063,iface=MIXER,name='MultiMedia8 Mixer TX_CODEC_DMA_TX_2'
numid=1064,iface=MIXER,name='MultiMedia8 Mixer TX_CODEC_DMA_TX_3'
numid=1065,iface=MIXER,name='MultiMedia8 Mixer TX_CODEC_DMA_TX_4'
numid=1066,iface=MIXER,name='MultiMedia8 Mixer TX_CODEC_DMA_TX_5'
numid=1058,iface=MIXER,name='MultiMedia8 Mixer VA_CODEC_DMA_TX_0'
numid=1059,iface=MIXER,name='MultiMedia8 Mixer VA_CODEC_DMA_TX_1'
numid=1060,iface=MIXER,name='MultiMedia8 Mixer VA_CODEC_DMA_TX_2'
numid=1055,iface=MIXER,name='MultiMedia8 Mixer WSA_CODEC_DMA_TX_0'
numid=1056,iface=MIXER,name='MultiMedia8 Mixer WSA_CODEC_DMA_TX_1'
numid=1057,iface=MIXER,name='MultiMedia8 Mixer WSA_CODEC_DMA_TX_2'
numid=155,iface=MIXER,name='PRIMARY_TDM_RX_0 Audio Mixer MultiMedia1'
numid=156,iface=MIXER,name='PRIMARY_TDM_RX_0 Audio Mixer MultiMedia2'
numid=157,iface=MIXER,name='PRIMARY_TDM_RX_0 Audio Mixer MultiMedia3'
numid=158,iface=MIXER,name='PRIMARY_TDM_RX_0 Audio Mixer MultiMedia4'
numid=159,iface=MIXER,name='PRIMARY_TDM_RX_0 Audio Mixer MultiMedia5'
numid=160,iface=MIXER,name='PRIMARY_TDM_RX_0 Audio Mixer MultiMedia6'
numid=161,iface=MIXER,name='PRIMARY_TDM_RX_0 Audio Mixer MultiMedia7'
numid=162,iface=MIXER,name='PRIMARY_TDM_RX_0 Audio Mixer MultiMedia8'
numid=163,iface=MIXER,name='PRIMARY_TDM_RX_1 Audio Mixer MultiMedia1'
numid=164,iface=MIXER,name='PRIMARY_TDM_RX_1 Audio Mixer MultiMedia2'
numid=165,iface=MIXER,name='PRIMARY_TDM_RX_1 Audio Mixer MultiMedia3'
numid=166,iface=MIXER,name='PRIMARY_TDM_RX_1 Audio Mixer MultiMedia4'
numid=167,iface=MIXER,name='PRIMARY_TDM_RX_1 Audio Mixer MultiMedia5'
numid=168,iface=MIXER,name='PRIMARY_TDM_RX_1 Audio Mixer MultiMedia6'
numid=169,iface=MIXER,name='PRIMARY_TDM_RX_1 Audio Mixer MultiMedia7'
numid=170,iface=MIXER,name='PRIMARY_TDM_RX_1 Audio Mixer MultiMedia8'
numid=171,iface=MIXER,name='PRIMARY_TDM_RX_2 Audio Mixer MultiMedia1'
numid=172,iface=MIXER,name='PRIMARY_TDM_RX_2 Audio Mixer MultiMedia2'
numid=173,iface=MIXER,name='PRIMARY_TDM_RX_2 Audio Mixer MultiMedia3'
numid=174,iface=MIXER,name='PRIMARY_TDM_RX_2 Audio Mixer MultiMedia4'
numid=175,iface=MIXER,name='PRIMARY_TDM_RX_2 Audio Mixer MultiMedia5'
numid=176,iface=MIXER,name='PRIMARY_TDM_RX_2 Audio Mixer MultiMedia6'
numid=177,iface=MIXER,name='PRIMARY_TDM_RX_2 Audio Mixer MultiMedia7'
numid=178,iface=MIXER,name='PRIMARY_TDM_RX_2 Audio Mixer MultiMedia8'
numid=179,iface=MIXER,name='PRIMARY_TDM_RX_3 Audio Mixer MultiMedia1'
numid=180,iface=MIXER,name='PRIMARY_TDM_RX_3 Audio Mixer MultiMedia2'
numid=181,iface=MIXER,name='PRIMARY_TDM_RX_3 Audio Mixer MultiMedia3'
numid=182,iface=MIXER,name='PRIMARY_TDM_RX_3 Audio Mixer MultiMedia4'
numid=183,iface=MIXER,name='PRIMARY_TDM_RX_3 Audio Mixer MultiMedia5'
numid=184,iface=MIXER,name='PRIMARY_TDM_RX_3 Audio Mixer MultiMedia6'
numid=185,iface=MIXER,name='PRIMARY_TDM_RX_3 Audio Mixer MultiMedia7'
numid=186,iface=MIXER,name='PRIMARY_TDM_RX_3 Audio Mixer MultiMedia8'
numid=187,iface=MIXER,name='PRIMARY_TDM_RX_4 Audio Mixer MultiMedia1'
numid=188,iface=MIXER,name='PRIMARY_TDM_RX_4 Audio Mixer MultiMedia2'
numid=189,iface=MIXER,name='PRIMARY_TDM_RX_4 Audio Mixer MultiMedia3'
numid=190,iface=MIXER,name='PRIMARY_TDM_RX_4 Audio Mixer MultiMedia4'
numid=191,iface=MIXER,name='PRIMARY_TDM_RX_4 Audio Mixer MultiMedia5'
numid=192,iface=MIXER,name='PRIMARY_TDM_RX_4 Audio Mixer MultiMedia6'
numid=193,iface=MIXER,name='PRIMARY_TDM_RX_4 Audio Mixer MultiMedia7'
numid=194,iface=MIXER,name='PRIMARY_TDM_RX_4 Audio Mixer MultiMedia8'
numid=195,iface=MIXER,name='PRIMARY_TDM_RX_5 Audio Mixer MultiMedia1'
numid=196,iface=MIXER,name='PRIMARY_TDM_RX_5 Audio Mixer MultiMedia2'
numid=197,iface=MIXER,name='PRIMARY_TDM_RX_5 Audio Mixer MultiMedia3'
numid=198,iface=MIXER,name='PRIMARY_TDM_RX_5 Audio Mixer MultiMedia4'
numid=199,iface=MIXER,name='PRIMARY_TDM_RX_5 Audio Mixer MultiMedia5'
numid=200,iface=MIXER,name='PRIMARY_TDM_RX_5 Audio Mixer MultiMedia6'
numid=201,iface=MIXER,name='PRIMARY_TDM_RX_5 Audio Mixer MultiMedia7'
numid=202,iface=MIXER,name='PRIMARY_TDM_RX_5 Audio Mixer MultiMedia8'
numid=203,iface=MIXER,name='PRIMARY_TDM_RX_6 Audio Mixer MultiMedia1'
numid=204,iface=MIXER,name='PRIMARY_TDM_RX_6 Audio Mixer MultiMedia2'
numid=205,iface=MIXER,name='PRIMARY_TDM_RX_6 Audio Mixer MultiMedia3'
numid=206,iface=MIXER,name='PRIMARY_TDM_RX_6 Audio Mixer MultiMedia4'
numid=207,iface=MIXER,name='PRIMARY_TDM_RX_6 Audio Mixer MultiMedia5'
numid=208,iface=MIXER,name='PRIMARY_TDM_RX_6 Audio Mixer MultiMedia6'
numid=209,iface=MIXER,name='PRIMARY_TDM_RX_6 Audio Mixer MultiMedia7'
numid=210,iface=MIXER,name='PRIMARY_TDM_RX_6 Audio Mixer MultiMedia8'
numid=211,iface=MIXER,name='PRIMARY_TDM_RX_7 Audio Mixer MultiMedia1'
numid=212,iface=MIXER,name='PRIMARY_TDM_RX_7 Audio Mixer MultiMedia2'
numid=213,iface=MIXER,name='PRIMARY_TDM_RX_7 Audio Mixer MultiMedia3'
numid=214,iface=MIXER,name='PRIMARY_TDM_RX_7 Audio Mixer MultiMedia4'
numid=215,iface=MIXER,name='PRIMARY_TDM_RX_7 Audio Mixer MultiMedia5'
numid=216,iface=MIXER,name='PRIMARY_TDM_RX_7 Audio Mixer MultiMedia6'
numid=217,iface=MIXER,name='PRIMARY_TDM_RX_7 Audio Mixer MultiMedia7'
numid=218,iface=MIXER,name='PRIMARY_TDM_RX_7 Audio Mixer MultiMedia8'
numid=115,iface=MIXER,name='PRI_MI2S_RX Audio Mixer MultiMedia1'
numid=116,iface=MIXER,name='PRI_MI2S_RX Audio Mixer MultiMedia2'
numid=117,iface=MIXER,name='PRI_MI2S_RX Audio Mixer MultiMedia3'
numid=118,iface=MIXER,name='PRI_MI2S_RX Audio Mixer MultiMedia4'
numid=119,iface=MIXER,name='PRI_MI2S_RX Audio Mixer MultiMedia5'
numid=120,iface=MIXER,name='PRI_MI2S_RX Audio Mixer MultiMedia6'
numid=121,iface=MIXER,name='PRI_MI2S_RX Audio Mixer MultiMedia7'
numid=122,iface=MIXER,name='PRI_MI2S_RX Audio Mixer MultiMedia8'
numid=131,iface=MIXER,name='QUAT_MI2S_RX Audio Mixer MultiMedia1'
numid=132,iface=MIXER,name='QUAT_MI2S_RX Audio Mixer MultiMedia2'
numid=133,iface=MIXER,name='QUAT_MI2S_RX Audio Mixer MultiMedia3'
numid=134,iface=MIXER,name='QUAT_MI2S_RX Audio Mixer MultiMedia4'
numid=135,iface=MIXER,name='QUAT_MI2S_RX Audio Mixer MultiMedia5'
numid=136,iface=MIXER,name='QUAT_MI2S_RX Audio Mixer MultiMedia6'
numid=137,iface=MIXER,name='QUAT_MI2S_RX Audio Mixer MultiMedia7'
numid=138,iface=MIXER,name='QUAT_MI2S_RX Audio Mixer MultiMedia8'
numid=347,iface=MIXER,name='QUAT_TDM_RX_0 Audio Mixer MultiMedia1'
numid=348,iface=MIXER,name='QUAT_TDM_RX_0 Audio Mixer MultiMedia2'
numid=349,iface=MIXER,name='QUAT_TDM_RX_0 Audio Mixer MultiMedia3'
numid=350,iface=MIXER,name='QUAT_TDM_RX_0 Audio Mixer MultiMedia4'
numid=351,iface=MIXER,name='QUAT_TDM_RX_0 Audio Mixer MultiMedia5'
numid=352,iface=MIXER,name='QUAT_TDM_RX_0 Audio Mixer MultiMedia6'
numid=353,iface=MIXER,name='QUAT_TDM_RX_0 Audio Mixer MultiMedia7'
numid=354,iface=MIXER,name='QUAT_TDM_RX_0 Audio Mixer MultiMedia8'
numid=355,iface=MIXER,name='QUAT_TDM_RX_1 Audio Mixer MultiMedia1'
numid=356,iface=MIXER,name='QUAT_TDM_RX_1 Audio Mixer MultiMedia2'
numid=357,iface=MIXER,name='QUAT_TDM_RX_1 Audio Mixer MultiMedia3'
numid=358,iface=MIXER,name='QUAT_TDM_RX_1 Audio Mixer MultiMedia4'
numid=359,iface=MIXER,name='QUAT_TDM_RX_1 Audio Mixer MultiMedia5'
numid=360,iface=MIXER,name='QUAT_TDM_RX_1 Audio Mixer MultiMedia6'
numid=361,iface=MIXER,name='QUAT_TDM_RX_1 Audio Mixer MultiMedia7'
numid=362,iface=MIXER,name='QUAT_TDM_RX_1 Audio Mixer MultiMedia8'
numid=363,iface=MIXER,name='QUAT_TDM_RX_2 Audio Mixer MultiMedia1'
numid=364,iface=MIXER,name='QUAT_TDM_RX_2 Audio Mixer MultiMedia2'
numid=365,iface=MIXER,name='QUAT_TDM_RX_2 Audio Mixer MultiMedia3'
numid=366,iface=MIXER,name='QUAT_TDM_RX_2 Audio Mixer MultiMedia4'
numid=367,iface=MIXER,name='QUAT_TDM_RX_2 Audio Mixer MultiMedia5'
numid=368,iface=MIXER,name='QUAT_TDM_RX_2 Audio Mixer MultiMedia6'
numid=369,iface=MIXER,name='QUAT_TDM_RX_2 Audio Mixer MultiMedia7'
numid=370,iface=MIXER,name='QUAT_TDM_RX_2 Audio Mixer MultiMedia8'
numid=371,iface=MIXER,name='QUAT_TDM_RX_3 Audio Mixer MultiMedia1'
numid=372,iface=MIXER,name='QUAT_TDM_RX_3 Audio Mixer MultiMedia2'
numid=373,iface=MIXER,name='QUAT_TDM_RX_3 Audio Mixer MultiMedia3'
numid=374,iface=MIXER,name='QUAT_TDM_RX_3 Audio Mixer MultiMedia4'
numid=375,iface=MIXER,name='QUAT_TDM_RX_3 Audio Mixer MultiMedia5'
numid=376,iface=MIXER,name='QUAT_TDM_RX_3 Audio Mixer MultiMedia6'
numid=377,iface=MIXER,name='QUAT_TDM_RX_3 Audio Mixer MultiMedia7'
numid=378,iface=MIXER,name='QUAT_TDM_RX_3 Audio Mixer MultiMedia8'
numid=379,iface=MIXER,name='QUAT_TDM_RX_4 Audio Mixer MultiMedia1'
numid=380,iface=MIXER,name='QUAT_TDM_RX_4 Audio Mixer MultiMedia2'
numid=381,iface=MIXER,name='QUAT_TDM_RX_4 Audio Mixer MultiMedia3'
numid=382,iface=MIXER,name='QUAT_TDM_RX_4 Audio Mixer MultiMedia4'
numid=383,iface=MIXER,name='QUAT_TDM_RX_4 Audio Mixer MultiMedia5'
numid=384,iface=MIXER,name='QUAT_TDM_RX_4 Audio Mixer MultiMedia6'
numid=385,iface=MIXER,name='QUAT_TDM_RX_4 Audio Mixer MultiMedia7'
numid=386,iface=MIXER,name='QUAT_TDM_RX_4 Audio Mixer MultiMedia8'
numid=387,iface=MIXER,name='QUAT_TDM_RX_5 Audio Mixer MultiMedia1'
numid=388,iface=MIXER,name='QUAT_TDM_RX_5 Audio Mixer MultiMedia2'
numid=389,iface=MIXER,name='QUAT_TDM_RX_5 Audio Mixer MultiMedia3'
numid=390,iface=MIXER,name='QUAT_TDM_RX_5 Audio Mixer MultiMedia4'
numid=391,iface=MIXER,name='QUAT_TDM_RX_5 Audio Mixer MultiMedia5'
numid=392,iface=MIXER,name='QUAT_TDM_RX_5 Audio Mixer MultiMedia6'
numid=393,iface=MIXER,name='QUAT_TDM_RX_5 Audio Mixer MultiMedia7'
numid=394,iface=MIXER,name='QUAT_TDM_RX_5 Audio Mixer MultiMedia8'
numid=395,iface=MIXER,name='QUAT_TDM_RX_6 Audio Mixer MultiMedia1'
numid=396,iface=MIXER,name='QUAT_TDM_RX_6 Audio Mixer MultiMedia2'
numid=397,iface=MIXER,name='QUAT_TDM_RX_6 Audio Mixer MultiMedia3'
numid=398,iface=MIXER,name='QUAT_TDM_RX_6 Audio Mixer MultiMedia4'
numid=399,iface=MIXER,name='QUAT_TDM_RX_6 Audio Mixer MultiMedia5'
numid=400,iface=MIXER,name='QUAT_TDM_RX_6 Audio Mixer MultiMedia6'
numid=401,iface=MIXER,name='QUAT_TDM_RX_6 Audio Mixer MultiMedia7'
numid=402,iface=MIXER,name='QUAT_TDM_RX_6 Audio Mixer MultiMedia8'
numid=403,iface=MIXER,name='QUAT_TDM_RX_7 Audio Mixer MultiMedia1'
numid=404,iface=MIXER,name='QUAT_TDM_RX_7 Audio Mixer MultiMedia2'
numid=405,iface=MIXER,name='QUAT_TDM_RX_7 Audio Mixer MultiMedia3'
numid=406,iface=MIXER,name='QUAT_TDM_RX_7 Audio Mixer MultiMedia4'
numid=407,iface=MIXER,name='QUAT_TDM_RX_7 Audio Mixer MultiMedia5'
numid=408,iface=MIXER,name='QUAT_TDM_RX_7 Audio Mixer MultiMedia6'
numid=409,iface=MIXER,name='QUAT_TDM_RX_7 Audio Mixer MultiMedia7'
numid=410,iface=MIXER,name='QUAT_TDM_RX_7 Audio Mixer MultiMedia8'
numid=139,iface=MIXER,name='QUIN_MI2S_RX Audio Mixer MultiMedia1'
numid=140,iface=MIXER,name='QUIN_MI2S_RX Audio Mixer MultiMedia2'
numid=141,iface=MIXER,name='QUIN_MI2S_RX Audio Mixer MultiMedia3'
numid=142,iface=MIXER,name='QUIN_MI2S_RX Audio Mixer MultiMedia4'
numid=143,iface=MIXER,name='QUIN_MI2S_RX Audio Mixer MultiMedia5'
numid=144,iface=MIXER,name='QUIN_MI2S_RX Audio Mixer MultiMedia6'
numid=145,iface=MIXER,name='QUIN_MI2S_RX Audio Mixer MultiMedia7'
numid=146,iface=MIXER,name='QUIN_MI2S_RX Audio Mixer MultiMedia8'
numid=411,iface=MIXER,name='QUIN_TDM_RX_0 Audio Mixer MultiMedia1'
numid=412,iface=MIXER,name='QUIN_TDM_RX_0 Audio Mixer MultiMedia2'
numid=413,iface=MIXER,name='QUIN_TDM_RX_0 Audio Mixer MultiMedia3'
numid=414,iface=MIXER,name='QUIN_TDM_RX_0 Audio Mixer MultiMedia4'
numid=415,iface=MIXER,name='QUIN_TDM_RX_0 Audio Mixer MultiMedia5'
numid=416,iface=MIXER,name='QUIN_TDM_RX_0 Audio Mixer MultiMedia6'
numid=417,iface=MIXER,name='QUIN_TDM_RX_0 Audio Mixer MultiMedia7'
numid=418,iface=MIXER,name='QUIN_TDM_RX_0 Audio Mixer MultiMedia8'
numid=419,iface=MIXER,name='QUIN_TDM_RX_1 Audio Mixer MultiMedia1'
numid=420,iface=MIXER,name='QUIN_TDM_RX_1 Audio Mixer MultiMedia2'
numid=421,iface=MIXER,name='QUIN_TDM_RX_1 Audio Mixer MultiMedia3'
numid=422,iface=MIXER,name='QUIN_TDM_RX_1 Audio Mixer MultiMedia4'
numid=423,iface=MIXER,name='QUIN_TDM_RX_1 Audio Mixer MultiMedia5'
numid=424,iface=MIXER,name='QUIN_TDM_RX_1 Audio Mixer MultiMedia6'
numid=425,iface=MIXER,name='QUIN_TDM_RX_1 Audio Mixer MultiMedia7'
numid=426,iface=MIXER,name='QUIN_TDM_RX_1 Audio Mixer MultiMedia8'
numid=427,iface=MIXER,name='QUIN_TDM_RX_2 Audio Mixer MultiMedia1'
numid=428,iface=MIXER,name='QUIN_TDM_RX_2 Audio Mixer MultiMedia2'
numid=429,iface=MIXER,name='QUIN_TDM_RX_2 Audio Mixer MultiMedia3'
numid=430,iface=MIXER,name='QUIN_TDM_RX_2 Audio Mixer MultiMedia4'
numid=431,iface=MIXER,name='QUIN_TDM_RX_2 Audio Mixer MultiMedia5'
numid=432,iface=MIXER,name='QUIN_TDM_RX_2 Audio Mixer MultiMedia6'
numid=433,iface=MIXER,name='QUIN_TDM_RX_2 Audio Mixer MultiMedia7'
numid=434,iface=MIXER,name='QUIN_TDM_RX_2 Audio Mixer MultiMedia8'
numid=435,iface=MIXER,name='QUIN_TDM_RX_3 Audio Mixer MultiMedia1'
numid=436,iface=MIXER,name='QUIN_TDM_RX_3 Audio Mixer MultiMedia2'
numid=437,iface=MIXER,name='QUIN_TDM_RX_3 Audio Mixer MultiMedia3'
numid=438,iface=MIXER,name='QUIN_TDM_RX_3 Audio Mixer MultiMedia4'
numid=439,iface=MIXER,name='QUIN_TDM_RX_3 Audio Mixer MultiMedia5'
numid=440,iface=MIXER,name='QUIN_TDM_RX_3 Audio Mixer MultiMedia6'
numid=441,iface=MIXER,name='QUIN_TDM_RX_3 Audio Mixer MultiMedia7'
numid=442,iface=MIXER,name='QUIN_TDM_RX_3 Audio Mixer MultiMedia8'
numid=443,iface=MIXER,name='QUIN_TDM_RX_4 Audio Mixer MultiMedia1'
numid=444,iface=MIXER,name='QUIN_TDM_RX_4 Audio Mixer MultiMedia2'
numid=445,iface=MIXER,name='QUIN_TDM_RX_4 Audio Mixer MultiMedia3'
numid=446,iface=MIXER,name='QUIN_TDM_RX_4 Audio Mixer MultiMedia4'
numid=447,iface=MIXER,name='QUIN_TDM_RX_4 Audio Mixer MultiMedia5'
numid=448,iface=MIXER,name='QUIN_TDM_RX_4 Audio Mixer MultiMedia6'
numid=449,iface=MIXER,name='QUIN_TDM_RX_4 Audio Mixer MultiMedia7'
numid=450,iface=MIXER,name='QUIN_TDM_RX_4 Audio Mixer MultiMedia8'
numid=451,iface=MIXER,name='QUIN_TDM_RX_5 Audio Mixer MultiMedia1'
numid=452,iface=MIXER,name='QUIN_TDM_RX_5 Audio Mixer MultiMedia2'
numid=453,iface=MIXER,name='QUIN_TDM_RX_5 Audio Mixer MultiMedia3'
numid=454,iface=MIXER,name='QUIN_TDM_RX_5 Audio Mixer MultiMedia4'
numid=455,iface=MIXER,name='QUIN_TDM_RX_5 Audio Mixer MultiMedia5'
numid=456,iface=MIXER,name='QUIN_TDM_RX_5 Audio Mixer MultiMedia6'
numid=457,iface=MIXER,name='QUIN_TDM_RX_5 Audio Mixer MultiMedia7'
numid=458,iface=MIXER,name='QUIN_TDM_RX_5 Audio Mixer MultiMedia8'
numid=459,iface=MIXER,name='QUIN_TDM_RX_6 Audio Mixer MultiMedia1'
numid=460,iface=MIXER,name='QUIN_TDM_RX_6 Audio Mixer MultiMedia2'
numid=461,iface=MIXER,name='QUIN_TDM_RX_6 Audio Mixer MultiMedia3'
numid=462,iface=MIXER,name='QUIN_TDM_RX_6 Audio Mixer MultiMedia4'
numid=463,iface=MIXER,name='QUIN_TDM_RX_6 Audio Mixer MultiMedia5'
numid=464,iface=MIXER,name='QUIN_TDM_RX_6 Audio Mixer MultiMedia6'
numid=465,iface=MIXER,name='QUIN_TDM_RX_6 Audio Mixer MultiMedia7'
numid=466,iface=MIXER,name='QUIN_TDM_RX_6 Audio Mixer MultiMedia8'
numid=467,iface=MIXER,name='QUIN_TDM_RX_7 Audio Mixer MultiMedia1'
numid=468,iface=MIXER,name='QUIN_TDM_RX_7 Audio Mixer MultiMedia2'
numid=469,iface=MIXER,name='QUIN_TDM_RX_7 Audio Mixer MultiMedia3'
numid=470,iface=MIXER,name='QUIN_TDM_RX_7 Audio Mixer MultiMedia4'
numid=471,iface=MIXER,name='QUIN_TDM_RX_7 Audio Mixer MultiMedia5'
numid=472,iface=MIXER,name='QUIN_TDM_RX_7 Audio Mixer MultiMedia6'
numid=473,iface=MIXER,name='QUIN_TDM_RX_7 Audio Mixer MultiMedia7'
numid=474,iface=MIXER,name='QUIN_TDM_RX_7 Audio Mixer MultiMedia8'
numid=491,iface=MIXER,name='RX_CODEC_DMA_RX_0 Audio Mixer MultiMedia1'
numid=492,iface=MIXER,name='RX_CODEC_DMA_RX_0 Audio Mixer MultiMedia2'
numid=493,iface=MIXER,name='RX_CODEC_DMA_RX_0 Audio Mixer MultiMedia3'
numid=494,iface=MIXER,name='RX_CODEC_DMA_RX_0 Audio Mixer MultiMedia4'
numid=495,iface=MIXER,name='RX_CODEC_DMA_RX_0 Audio Mixer MultiMedia5'
numid=496,iface=MIXER,name='RX_CODEC_DMA_RX_0 Audio Mixer MultiMedia6'
numid=497,iface=MIXER,name='RX_CODEC_DMA_RX_0 Audio Mixer MultiMedia7'
numid=498,iface=MIXER,name='RX_CODEC_DMA_RX_0 Audio Mixer MultiMedia8'
numid=499,iface=MIXER,name='RX_CODEC_DMA_RX_1 Audio Mixer MultiMedia1'
numid=500,iface=MIXER,name='RX_CODEC_DMA_RX_1 Audio Mixer MultiMedia2'
numid=501,iface=MIXER,name='RX_CODEC_DMA_RX_1 Audio Mixer MultiMedia3'
numid=502,iface=MIXER,name='RX_CODEC_DMA_RX_1 Audio Mixer MultiMedia4'
numid=503,iface=MIXER,name='RX_CODEC_DMA_RX_1 Audio Mixer MultiMedia5'
numid=504,iface=MIXER,name='RX_CODEC_DMA_RX_1 Audio Mixer MultiMedia6'
numid=505,iface=MIXER,name='RX_CODEC_DMA_RX_1 Audio Mixer MultiMedia7'
numid=506,iface=MIXER,name='RX_CODEC_DMA_RX_1 Audio Mixer MultiMedia8'
numid=507,iface=MIXER,name='RX_CODEC_DMA_RX_2 Audio Mixer MultiMedia1'
numid=508,iface=MIXER,name='RX_CODEC_DMA_RX_2 Audio Mixer MultiMedia2'
numid=509,iface=MIXER,name='RX_CODEC_DMA_RX_2 Audio Mixer MultiMedia3'
numid=510,iface=MIXER,name='RX_CODEC_DMA_RX_2 Audio Mixer MultiMedia4'
numid=511,iface=MIXER,name='RX_CODEC_DMA_RX_2 Audio Mixer MultiMedia5'
numid=512,iface=MIXER,name='RX_CODEC_DMA_RX_2 Audio Mixer MultiMedia6'
numid=513,iface=MIXER,name='RX_CODEC_DMA_RX_2 Audio Mixer MultiMedia7'
numid=514,iface=MIXER,name='RX_CODEC_DMA_RX_2 Audio Mixer MultiMedia8'
numid=515,iface=MIXER,name='RX_CODEC_DMA_RX_3 Audio Mixer MultiMedia1'
numid=516,iface=MIXER,name='RX_CODEC_DMA_RX_3 Audio Mixer MultiMedia2'
numid=517,iface=MIXER,name='RX_CODEC_DMA_RX_3 Audio Mixer MultiMedia3'
numid=518,iface=MIXER,name='RX_CODEC_DMA_RX_3 Audio Mixer MultiMedia4'
numid=519,iface=MIXER,name='RX_CODEC_DMA_RX_3 Audio Mixer MultiMedia5'
numid=520,iface=MIXER,name='RX_CODEC_DMA_RX_3 Audio Mixer MultiMedia6'
numid=521,iface=MIXER,name='RX_CODEC_DMA_RX_3 Audio Mixer MultiMedia7'
numid=522,iface=MIXER,name='RX_CODEC_DMA_RX_3 Audio Mixer MultiMedia8'
numid=523,iface=MIXER,name='RX_CODEC_DMA_RX_4 Audio Mixer MultiMedia1'
numid=524,iface=MIXER,name='RX_CODEC_DMA_RX_4 Audio Mixer MultiMedia2'
numid=525,iface=MIXER,name='RX_CODEC_DMA_RX_4 Audio Mixer MultiMedia3'
numid=526,iface=MIXER,name='RX_CODEC_DMA_RX_4 Audio Mixer MultiMedia4'
numid=527,iface=MIXER,name='RX_CODEC_DMA_RX_4 Audio Mixer MultiMedia5'
numid=528,iface=MIXER,name='RX_CODEC_DMA_RX_4 Audio Mixer MultiMedia6'
numid=529,iface=MIXER,name='RX_CODEC_DMA_RX_4 Audio Mixer MultiMedia7'
numid=530,iface=MIXER,name='RX_CODEC_DMA_RX_4 Audio Mixer MultiMedia8'
numid=531,iface=MIXER,name='RX_CODEC_DMA_RX_5 Audio Mixer MultiMedia1'
numid=532,iface=MIXER,name='RX_CODEC_DMA_RX_5 Audio Mixer MultiMedia2'
numid=533,iface=MIXER,name='RX_CODEC_DMA_RX_5 Audio Mixer MultiMedia3'
numid=534,iface=MIXER,name='RX_CODEC_DMA_RX_5 Audio Mixer MultiMedia4'
numid=535,iface=MIXER,name='RX_CODEC_DMA_RX_5 Audio Mixer MultiMedia5'
numid=536,iface=MIXER,name='RX_CODEC_DMA_RX_5 Audio Mixer MultiMedia6'
numid=537,iface=MIXER,name='RX_CODEC_DMA_RX_5 Audio Mixer MultiMedia7'
numid=538,iface=MIXER,name='RX_CODEC_DMA_RX_5 Audio Mixer MultiMedia8'
numid=539,iface=MIXER,name='RX_CODEC_DMA_RX_6 Audio Mixer MultiMedia1'
numid=540,iface=MIXER,name='RX_CODEC_DMA_RX_6 Audio Mixer MultiMedia2'
numid=541,iface=MIXER,name='RX_CODEC_DMA_RX_6 Audio Mixer MultiMedia3'
numid=542,iface=MIXER,name='RX_CODEC_DMA_RX_6 Audio Mixer MultiMedia4'
numid=543,iface=MIXER,name='RX_CODEC_DMA_RX_6 Audio Mixer MultiMedia5'
numid=544,iface=MIXER,name='RX_CODEC_DMA_RX_6 Audio Mixer MultiMedia6'
numid=545,iface=MIXER,name='RX_CODEC_DMA_RX_6 Audio Mixer MultiMedia7'
numid=546,iface=MIXER,name='RX_CODEC_DMA_RX_6 Audio Mixer MultiMedia8'
numid=547,iface=MIXER,name='RX_CODEC_DMA_RX_7 Audio Mixer MultiMedia1'
numid=548,iface=MIXER,name='RX_CODEC_DMA_RX_7 Audio Mixer MultiMedia2'
numid=549,iface=MIXER,name='RX_CODEC_DMA_RX_7 Audio Mixer MultiMedia3'
numid=550,iface=MIXER,name='RX_CODEC_DMA_RX_7 Audio Mixer MultiMedia4'
numid=551,iface=MIXER,name='RX_CODEC_DMA_RX_7 Audio Mixer MultiMedia5'
numid=552,iface=MIXER,name='RX_CODEC_DMA_RX_7 Audio Mixer MultiMedia6'
numid=553,iface=MIXER,name='RX_CODEC_DMA_RX_7 Audio Mixer MultiMedia7'
numid=554,iface=MIXER,name='RX_CODEC_DMA_RX_7 Audio Mixer MultiMedia8'
numid=123,iface=MIXER,name='SEC_MI2S_RX Audio Mixer MultiMedia1'
numid=124,iface=MIXER,name='SEC_MI2S_RX Audio Mixer MultiMedia2'
numid=125,iface=MIXER,name='SEC_MI2S_RX Audio Mixer MultiMedia3'
numid=126,iface=MIXER,name='SEC_MI2S_RX Audio Mixer MultiMedia4'
numid=127,iface=MIXER,name='SEC_MI2S_RX Audio Mixer MultiMedia5'
numid=128,iface=MIXER,name='SEC_MI2S_RX Audio Mixer MultiMedia6'
numid=129,iface=MIXER,name='SEC_MI2S_RX Audio Mixer MultiMedia7'
numid=130,iface=MIXER,name='SEC_MI2S_RX Audio Mixer MultiMedia8'
numid=219,iface=MIXER,name='SEC_TDM_RX_0 Audio Mixer MultiMedia1'
numid=220,iface=MIXER,name='SEC_TDM_RX_0 Audio Mixer MultiMedia2'
numid=221,iface=MIXER,name='SEC_TDM_RX_0 Audio Mixer MultiMedia3'
numid=222,iface=MIXER,name='SEC_TDM_RX_0 Audio Mixer MultiMedia4'
numid=223,iface=MIXER,name='SEC_TDM_RX_0 Audio Mixer MultiMedia5'
numid=224,iface=MIXER,name='SEC_TDM_RX_0 Audio Mixer MultiMedia6'
numid=225,iface=MIXER,name='SEC_TDM_RX_0 Audio Mixer MultiMedia7'
numid=226,iface=MIXER,name='SEC_TDM_RX_0 Audio Mixer MultiMedia8'
numid=227,iface=MIXER,name='SEC_TDM_RX_1 Audio Mixer MultiMedia1'
numid=228,iface=MIXER,name='SEC_TDM_RX_1 Audio Mixer MultiMedia2'
numid=229,iface=MIXER,name='SEC_TDM_RX_1 Audio Mixer MultiMedia3'
numid=230,iface=MIXER,name='SEC_TDM_RX_1 Audio Mixer MultiMedia4'
numid=231,iface=MIXER,name='SEC_TDM_RX_1 Audio Mixer MultiMedia5'
numid=232,iface=MIXER,name='SEC_TDM_RX_1 Audio Mixer MultiMedia6'
numid=233,iface=MIXER,name='SEC_TDM_RX_1 Audio Mixer MultiMedia7'
numid=234,iface=MIXER,name='SEC_TDM_RX_1 Audio Mixer MultiMedia8'
numid=235,iface=MIXER,name='SEC_TDM_RX_2 Audio Mixer MultiMedia1'
numid=236,iface=MIXER,name='SEC_TDM_RX_2 Audio Mixer MultiMedia2'
numid=237,iface=MIXER,name='SEC_TDM_RX_2 Audio Mixer MultiMedia3'
numid=238,iface=MIXER,name='SEC_TDM_RX_2 Audio Mixer MultiMedia4'
numid=239,iface=MIXER,name='SEC_TDM_RX_2 Audio Mixer MultiMedia5'
numid=240,iface=MIXER,name='SEC_TDM_RX_2 Audio Mixer MultiMedia6'
numid=241,iface=MIXER,name='SEC_TDM_RX_2 Audio Mixer MultiMedia7'
numid=242,iface=MIXER,name='SEC_TDM_RX_2 Audio Mixer MultiMedia8'
numid=243,iface=MIXER,name='SEC_TDM_RX_3 Audio Mixer MultiMedia1'
numid=244,iface=MIXER,name='SEC_TDM_RX_3 Audio Mixer MultiMedia2'
numid=245,iface=MIXER,name='SEC_TDM_RX_3 Audio Mixer MultiMedia3'
numid=246,iface=MIXER,name='SEC_TDM_RX_3 Audio Mixer MultiMedia4'
numid=247,iface=MIXER,name='SEC_TDM_RX_3 Audio Mixer MultiMedia5'
numid=248,iface=MIXER,name='SEC_TDM_RX_3 Audio Mixer MultiMedia6'
numid=249,iface=MIXER,name='SEC_TDM_RX_3 Audio Mixer MultiMedia7'
numid=250,iface=MIXER,name='SEC_TDM_RX_3 Audio Mixer MultiMedia8'
numid=251,iface=MIXER,name='SEC_TDM_RX_4 Audio Mixer MultiMedia1'
numid=252,iface=MIXER,name='SEC_TDM_RX_4 Audio Mixer MultiMedia2'
numid=253,iface=MIXER,name='SEC_TDM_RX_4 Audio Mixer MultiMedia3'
numid=254,iface=MIXER,name='SEC_TDM_RX_4 Audio Mixer MultiMedia4'
numid=255,iface=MIXER,name='SEC_TDM_RX_4 Audio Mixer MultiMedia5'
numid=256,iface=MIXER,name='SEC_TDM_RX_4 Audio Mixer MultiMedia6'
numid=257,iface=MIXER,name='SEC_TDM_RX_4 Audio Mixer MultiMedia7'
numid=258,iface=MIXER,name='SEC_TDM_RX_4 Audio Mixer MultiMedia8'
numid=259,iface=MIXER,name='SEC_TDM_RX_5 Audio Mixer MultiMedia1'
numid=260,iface=MIXER,name='SEC_TDM_RX_5 Audio Mixer MultiMedia2'
numid=261,iface=MIXER,name='SEC_TDM_RX_5 Audio Mixer MultiMedia3'
numid=262,iface=MIXER,name='SEC_TDM_RX_5 Audio Mixer MultiMedia4'
numid=263,iface=MIXER,name='SEC_TDM_RX_5 Audio Mixer MultiMedia5'
numid=264,iface=MIXER,name='SEC_TDM_RX_5 Audio Mixer MultiMedia6'
numid=265,iface=MIXER,name='SEC_TDM_RX_5 Audio Mixer MultiMedia7'
numid=266,iface=MIXER,name='SEC_TDM_RX_5 Audio Mixer MultiMedia8'
numid=267,iface=MIXER,name='SEC_TDM_RX_6 Audio Mixer MultiMedia1'
numid=268,iface=MIXER,name='SEC_TDM_RX_6 Audio Mixer MultiMedia2'
numid=269,iface=MIXER,name='SEC_TDM_RX_6 Audio Mixer MultiMedia3'
numid=270,iface=MIXER,name='SEC_TDM_RX_6 Audio Mixer MultiMedia4'
numid=271,iface=MIXER,name='SEC_TDM_RX_6 Audio Mixer MultiMedia5'
numid=272,iface=MIXER,name='SEC_TDM_RX_6 Audio Mixer MultiMedia6'
numid=273,iface=MIXER,name='SEC_TDM_RX_6 Audio Mixer MultiMedia7'
numid=274,iface=MIXER,name='SEC_TDM_RX_6 Audio Mixer MultiMedia8'
numid=275,iface=MIXER,name='SEC_TDM_RX_7 Audio Mixer MultiMedia1'
numid=276,iface=MIXER,name='SEC_TDM_RX_7 Audio Mixer MultiMedia2'
numid=277,iface=MIXER,name='SEC_TDM_RX_7 Audio Mixer MultiMedia3'
numid=278,iface=MIXER,name='SEC_TDM_RX_7 Audio Mixer MultiMedia4'
numid=279,iface=MIXER,name='SEC_TDM_RX_7 Audio Mixer MultiMedia5'
numid=280,iface=MIXER,name='SEC_TDM_RX_7 Audio Mixer MultiMedia6'
numid=281,iface=MIXER,name='SEC_TDM_RX_7 Audio Mixer MultiMedia7'
numid=282,iface=MIXER,name='SEC_TDM_RX_7 Audio Mixer MultiMedia8'
numid=59,iface=MIXER,name='SLIMBUS_0_RX Audio Mixer MultiMedia1'
numid=60,iface=MIXER,name='SLIMBUS_0_RX Audio Mixer MultiMedia2'
numid=61,iface=MIXER,name='SLIMBUS_0_RX Audio Mixer MultiMedia3'
numid=62,iface=MIXER,name='SLIMBUS_0_RX Audio Mixer MultiMedia4'
numid=63,iface=MIXER,name='SLIMBUS_0_RX Audio Mixer MultiMedia5'
numid=64,iface=MIXER,name='SLIMBUS_0_RX Audio Mixer MultiMedia6'
numid=65,iface=MIXER,name='SLIMBUS_0_RX Audio Mixer MultiMedia7'
numid=66,iface=MIXER,name='SLIMBUS_0_RX Audio Mixer MultiMedia8'
numid=67,iface=MIXER,name='SLIMBUS_1_RX Audio Mixer MultiMedia1'
numid=68,iface=MIXER,name='SLIMBUS_1_RX Audio Mixer MultiMedia2'
numid=69,iface=MIXER,name='SLIMBUS_1_RX Audio Mixer MultiMedia3'
numid=70,iface=MIXER,name='SLIMBUS_1_RX Audio Mixer MultiMedia4'
numid=71,iface=MIXER,name='SLIMBUS_1_RX Audio Mixer MultiMedia5'
numid=72,iface=MIXER,name='SLIMBUS_1_RX Audio Mixer MultiMedia6'
numid=73,iface=MIXER,name='SLIMBUS_1_RX Audio Mixer MultiMedia7'
numid=74,iface=MIXER,name='SLIMBUS_1_RX Audio Mixer MultiMedia8'
numid=75,iface=MIXER,name='SLIMBUS_2_RX Audio Mixer MultiMedia1'
numid=76,iface=MIXER,name='SLIMBUS_2_RX Audio Mixer MultiMedia2'
numid=77,iface=MIXER,name='SLIMBUS_2_RX Audio Mixer MultiMedia3'
numid=78,iface=MIXER,name='SLIMBUS_2_RX Audio Mixer MultiMedia4'
numid=79,iface=MIXER,name='SLIMBUS_2_RX Audio Mixer MultiMedia5'
numid=80,iface=MIXER,name='SLIMBUS_2_RX Audio Mixer MultiMedia6'
numid=81,iface=MIXER,name='SLIMBUS_2_RX Audio Mixer MultiMedia7'
numid=82,iface=MIXER,name='SLIMBUS_2_RX Audio Mixer MultiMedia8'
numid=83,iface=MIXER,name='SLIMBUS_3_RX Audio Mixer MultiMedia1'
numid=84,iface=MIXER,name='SLIMBUS_3_RX Audio Mixer MultiMedia2'
numid=85,iface=MIXER,name='SLIMBUS_3_RX Audio Mixer MultiMedia3'
numid=86,iface=MIXER,name='SLIMBUS_3_RX Audio Mixer MultiMedia4'
numid=87,iface=MIXER,name='SLIMBUS_3_RX Audio Mixer MultiMedia5'
numid=88,iface=MIXER,name='SLIMBUS_3_RX Audio Mixer MultiMedia6'
numid=89,iface=MIXER,name='SLIMBUS_3_RX Audio Mixer MultiMedia7'
numid=90,iface=MIXER,name='SLIMBUS_3_RX Audio Mixer MultiMedia8'
numid=91,iface=MIXER,name='SLIMBUS_4_RX Audio Mixer MultiMedia1'
numid=92,iface=MIXER,name='SLIMBUS_4_RX Audio Mixer MultiMedia2'
numid=93,iface=MIXER,name='SLIMBUS_4_RX Audio Mixer MultiMedia3'
numid=94,iface=MIXER,name='SLIMBUS_4_RX Audio Mixer MultiMedia4'
numid=95,iface=MIXER,name='SLIMBUS_4_RX Audio Mixer MultiMedia5'
numid=96,iface=MIXER,name='SLIMBUS_4_RX Audio Mixer MultiMedia6'
numid=97,iface=MIXER,name='SLIMBUS_4_RX Audio Mixer MultiMedia7'
numid=98,iface=MIXER,name='SLIMBUS_4_RX Audio Mixer MultiMedia8'
numid=99,iface=MIXER,name='SLIMBUS_5_RX Audio Mixer MultiMedia1'
numid=100,iface=MIXER,name='SLIMBUS_5_RX Audio Mixer MultiMedia2'
numid=101,iface=MIXER,name='SLIMBUS_5_RX Audio Mixer MultiMedia3'
numid=102,iface=MIXER,name='SLIMBUS_5_RX Audio Mixer MultiMedia4'
numid=103,iface=MIXER,name='SLIMBUS_5_RX Audio Mixer MultiMedia5'
numid=104,iface=MIXER,name='SLIMBUS_5_RX Audio Mixer MultiMedia6'
numid=105,iface=MIXER,name='SLIMBUS_5_RX Audio Mixer MultiMedia7'
numid=106,iface=MIXER,name='SLIMBUS_5_RX Audio Mixer MultiMedia8'
numid=107,iface=MIXER,name='SLIMBUS_6_RX Audio Mixer MultiMedia1'
numid=108,iface=MIXER,name='SLIMBUS_6_RX Audio Mixer MultiMedia2'
numid=109,iface=MIXER,name='SLIMBUS_6_RX Audio Mixer MultiMedia3'
numid=110,iface=MIXER,name='SLIMBUS_6_RX Audio Mixer MultiMedia4'
numid=111,iface=MIXER,name='SLIMBUS_6_RX Audio Mixer MultiMedia5'
numid=112,iface=MIXER,name='SLIMBUS_6_RX Audio Mixer MultiMedia6'
numid=113,iface=MIXER,name='SLIMBUS_6_RX Audio Mixer MultiMedia7'
numid=114,iface=MIXER,name='SLIMBUS_6_RX Audio Mixer MultiMedia8'
numid=27,iface=MIXER,name='SPK1 AMP Enable Switch'
numid=13,iface=MIXER,name='SPK1 ASP_TX1 Source'
numid=14,iface=MIXER,name='SPK1 ASP_TX2 Source'
numid=15,iface=MIXER,name='SPK1 ASP_TX3 Source'
numid=16,iface=MIXER,name='SPK1 ASP_TX4 Source'
numid=17,iface=MIXER,name='SPK1 ASP_TX5 Source'
numid=1,iface=MIXER,name='SPK1 Amplifier Mode'
numid=2,iface=MIXER,name='SPK1 Analog PCM Volume'
numid=26,iface=MIXER,name='SPK1 DACPCM Source'
numid=5,iface=MIXER,name='SPK1 DSP1 Firmware'
numid=4,iface=MIXER,name='SPK1 DSP1 Preload Switch'
numid=1074,iface=MIXER,name='SPK1 DSP1 Protection 4fa00 ATE_NUMBER_BANDS'
numid=1070,iface=MIXER,name='SPK1 DSP1 Protection 4fa00 AUDIO_BLK_SIZE'
numid=1077,iface=MIXER,name='SPK1 DSP1 Protection 4fa00 BOOT_TO_RAM'
numid=1071,iface=MIXER,name='SPK1 DSP1 Protection 4fa00 BUILD_JOB_NAME'
numid=1072,iface=MIXER,name='SPK1 DSP1 Protection 4fa00 BUILD_JOB_NUMBER'
numid=1079,iface=MIXER,name='SPK1 DSP1 Protection 4fa00 BUZZ_EVENT_COUNT'
numid=1084,iface=MIXER,name='SPK1 DSP1 Protection 4fa00 CURRENT_CPU_LOAD'
numid=1087,iface=MIXER,name='SPK1 DSP1 Protection 4fa00 DIAGNST_CTRL'
numid=1075,iface=MIXER,name='SPK1 DSP1 Protection 4fa00 FIRMWARE_STATE'
numid=1069,iface=MIXER,name='SPK1 DSP1 Protection 4fa00 HALO_HEARTBEAT'
numid=1068,iface=MIXER,name='SPK1 DSP1 Protection 4fa00 HALO_STATE'
numid=1073,iface=MIXER,name='SPK1 DSP1 Protection 4fa00 L_SAMPLE_RATE_HW'
numid=1076,iface=MIXER,name='SPK1 DSP1 Protection 4fa00 OM_BOOT_COMPLETE'
numid=1083,iface=MIXER,name='SPK1 DSP1 Protection 4fa00 OTP_FAILED'
numid=1078,iface=MIXER,name='SPK1 DSP1 Protection 4fa00 OT_BUZZ_COMPLETE'
numid=1085,iface=MIXER,name='SPK1 DSP1 Protection 4fa00 PEAK_CPU_LOAD'
numid=1082,iface=MIXER,name='SPK1 DSP1 Protection 4fa00 P_UNPACKING_DONE'
numid=1080,iface=MIXER,name='SPK1 DSP1 Protection 4fa00 TP_NUM_SET_TRIMS'
numid=1086,iface=MIXER,name='SPK1 DSP1 Protection 4fa00 WDT_THRESHOLD'
numid=1081,iface=MIXER,name='SPK1 DSP1 Protection 4fa00 _TOTAL_NUM_TRIMS'
numid=1067,iface=MIXER,name='SPK1 DSP1 Protection 4fa00 nfig_XM_struct_t'
numid=1121,iface=MIXER,name='SPK1 DSP1 Protection cd ABLE_FULL_US_BYPASS'
numid=1118,iface=MIXER,name='SPK1 DSP1 Protection cd ATTENUATION'
numid=1115,iface=MIXER,name='SPK1 DSP1 Protection cd BDLOG_ABNORMAL_MUTE'
numid=1112,iface=MIXER,name='SPK1 DSP1 Protection cd BDLOG_MAX_EXC'
numid=1111,iface=MIXER,name='SPK1 DSP1 Protection cd BDLOG_MAX_TEMP'
numid=1097,iface=MIXER,name='SPK1 DSP1 Protection cd CAL_AMBIENT'
numid=1099,iface=MIXER,name='SPK1 DSP1 Protection cd CAL_CHECKSUM'
numid=1096,iface=MIXER,name='SPK1 DSP1 Protection cd CAL_R'
numid=1100,iface=MIXER,name='SPK1 DSP1 Protection cd CAL_R_SELECTED'
numid=1101,iface=MIXER,name='SPK1 DSP1 Protection cd CAL_SET_STATUS'
numid=1098,iface=MIXER,name='SPK1 DSP1 Protection cd CAL_STATUS'
numid=1117,iface=MIXER,name='SPK1 DSP1 Protection cd CH_BAL'
numid=1090,iface=MIXER,name='SPK1 DSP1 Protection cd CSPL_COMMAND'
numid=1126,iface=MIXER,name='SPK1 DSP1 Protection cd CSPL_CONFIG'
numid=1089,iface=MIXER,name='SPK1 DSP1 Protection cd CSPL_ENABLE'
numid=1092,iface=MIXER,name='SPK1 DSP1 Protection cd CSPL_ERRORNO'
numid=1094,iface=MIXER,name='SPK1 DSP1 Protection cd CSPL_OVERSIGHT_GAIN'
numid=1091,iface=MIXER,name='SPK1 DSP1 Protection cd CSPL_STATE'
numid=1093,iface=MIXER,name='SPK1 DSP1 Protection cd CSPL_TEMPERATURE'
numid=1120,iface=MIXER,name='SPK1 DSP1 Protection cd DC_OFFSET_HOLD_TIME'
numid=1102,iface=MIXER,name='SPK1 DSP1 Protection cd DIAG_F0'
numid=1104,iface=MIXER,name='SPK1 DSP1 Protection cd DIAG_F0_STATUS'
numid=1103,iface=MIXER,name='SPK1 DSP1 Protection cd DIAG_Z_LOW_DIFF'
numid=1114,iface=MIXER,name='SPK1 DSP1 Protection cd DLOG_OVER_EXC_COUNT'
numid=1113,iface=MIXER,name='SPK1 DSP1 Protection cd LOG_OVER_TEMP_COUNT'
numid=1125,iface=MIXER,name='SPK1 DSP1 Protection cd PDATE_PARAMS_CONFIG'
numid=1116,iface=MIXER,name='SPK1 DSP1 Protection cd REDUCE_POWER'
numid=1107,iface=MIXER,name='SPK1 DSP1 Protection cd RTLOG_COUNT'
numid=1110,iface=MIXER,name='SPK1 DSP1 Protection cd RTLOG_DATA'
numid=1105,iface=MIXER,name='SPK1 DSP1 Protection cd RTLOG_ENABLE'
numid=1108,iface=MIXER,name='SPK1 DSP1 Protection cd RTLOG_FRMPRWIN'
numid=1106,iface=MIXER,name='SPK1 DSP1 Protection cd RTLOG_STATE'
numid=1109,iface=MIXER,name='SPK1 DSP1 Protection cd RTLOG_VARIABLE'
numid=1119,iface=MIXER,name='SPK1 DSP1 Protection cd SPK_OUTPUT_POWER'
numid=1122,iface=MIXER,name='SPK1 DSP1 Protection cd S_USES_LEFT_CHANNEL'
numid=1095,iface=MIXER,name='SPK1 DSP1 Protection cd UPDT_PRMS'
numid=1123,iface=MIXER,name='SPK1 DSP1 Protection cd VMON_LOW_FLAG'
numid=1088,iface=MIXER,name='SPK1 DSP1 Protection cd cspl_XM_struct_t'
numid=1124,iface=MIXER,name='SPK1 DSP1 Protection cd cspl_YM_struct_t'
numid=1156,iface=MIXER,name='SPK1 DSP1 Protection f204 CLASS_D_CAL_DELAY'
numid=1155,iface=MIXER,name='SPK1 DSP1 Protection f204 CLASS_H_CAL_DELAY'
numid=1152,iface=MIXER,name='SPK1 DSP1 Protection f204 ISC'
numid=1154,iface=MIXER,name='SPK1 DSP1 Protection f204 VBSTMAX_IMON'
numid=1153,iface=MIXER,name='SPK1 DSP1 Protection f204 VBSTMAX_VMON'
numid=1150,iface=MIXER,name='SPK1 DSP1 Protection f204 VIMON_CAL_STATE'
numid=1151,iface=MIXER,name='SPK1 DSP1 Protection f204 VSC'
numid=1149,iface=MIXER,name='SPK1 DSP1 Protection f204 ation_XM_struct_t'
numid=1160,iface=MIXER,name='SPK1 DSP1 Protection f205 EFFICIENCY_DELAY'
numid=1158,iface=MIXER,name='SPK1 DSP1 Protection f205 EFFICIENCY_ENABLE'
numid=1159,iface=MIXER,name='SPK1 DSP1 Protection f205 EFFICIENCY_STATE'
numid=1157,iface=MIXER,name='SPK1 DSP1 Protection f205 iency_XM_struct_t'
numid=1132,iface=MIXER,name='SPK1 DSP1 Protection f206 ADE_IN_DELTA_GAIN'
numid=1130,iface=MIXER,name='SPK1 DSP1 Protection f206 DE_IN_NUM_SAMPLES'
numid=1133,iface=MIXER,name='SPK1 DSP1 Protection f206 DE_OUT_DELTA_GAIN'
numid=1131,iface=MIXER,name='SPK1 DSP1 Protection f206 E_OUT_NUM_SAMPLES'
numid=1134,iface=MIXER,name='SPK1 DSP1 Protection f206 FADE_GAIN'
numid=1129,iface=MIXER,name='SPK1 DSP1 Protection f206 MBOX_ACTIVE'
numid=1135,iface=MIXER,name='SPK1 DSP1 Protection f206 READY_TO_RESUME'
numid=1128,iface=MIXER,name='SPK1 DSP1 Protection f206 STATE'
numid=1127,iface=MIXER,name='SPK1 DSP1 Protection f206 esume_XM_struct_t'
numid=1139,iface=MIXER,name='SPK1 DSP1 Protection f20b BUFFER'
numid=1145,iface=MIXER,name='SPK1 DSP1 Protection f20b BUFFER_COUNT'
numid=1140,iface=MIXER,name='SPK1 DSP1 Protection f20b BUFFER_SIZE'
numid=1148,iface=MIXER,name='SPK1 DSP1 Protection f20b EVENTS'
numid=1137,iface=MIXER,name='SPK1 DSP1 Protection f20b EVNTLG_ENABLED'
numid=1146,iface=MIXER,name='SPK1 DSP1 Protection f20b FREE_SLOTS'
numid=1142,iface=MIXER,name='SPK1 DSP1 Protection f20b NUM_LOST_EVENTS'
numid=1143,iface=MIXER,name='SPK1 DSP1 Protection f20b OST_EVENT_COUNTER'
numid=1141,iface=MIXER,name='SPK1 DSP1 Protection f20b RANSFER_COMPLETED'
numid=1144,iface=MIXER,name='SPK1 DSP1 Protection f20b TRIGGER_INTERRUPT'
numid=1138,iface=MIXER,name='SPK1 DSP1 Protection f20b WAS_DISABLED'
numid=1147,iface=MIXER,name='SPK1 DSP1 Protection f20b W_PTR'
numid=1136,iface=MIXER,name='SPK1 DSP1 Protection f20b ogger_XM_struct_t'
numid=18,iface=MIXER,name='SPK1 DSP_RX1 Source'
numid=19,iface=MIXER,name='SPK1 DSP_RX2 Source'
numid=20,iface=MIXER,name='SPK1 DSP_RX3 Source'
numid=21,iface=MIXER,name='SPK1 DSP_RX4 Source'
numid=22,iface=MIXER,name='SPK1 DSP_RX5 Source'
numid=23,iface=MIXER,name='SPK1 DSP_RX6 Source'
numid=24,iface=MIXER,name='SPK1 DSP_RX7 Source'
numid=25,iface=MIXER,name='SPK1 DSP_RX8 Source'
numid=3,iface=MIXER,name='SPK1 Digital PCM Volume'
numid=42,iface=MIXER,name='SPK2 AMP Enable Switch'
numid=28,iface=MIXER,name='SPK2 ASP_TX1 Source'
numid=29,iface=MIXER,name='SPK2 ASP_TX2 Source'
numid=30,iface=MIXER,name='SPK2 ASP_TX3 Source'
numid=31,iface=MIXER,name='SPK2 ASP_TX4 Source'
numid=32,iface=MIXER,name='SPK2 ASP_TX5 Source'
numid=6,iface=MIXER,name='SPK2 Amplifier Mode'
numid=7,iface=MIXER,name='SPK2 Analog PCM Volume'
numid=41,iface=MIXER,name='SPK2 DACPCM Source'
numid=10,iface=MIXER,name='SPK2 DSP1 Firmware'
numid=9,iface=MIXER,name='SPK2 DSP1 Preload Switch'
numid=1168,iface=MIXER,name='SPK2 DSP1 Protection 4fa00 ATE_NUMBER_BANDS'
numid=1164,iface=MIXER,name='SPK2 DSP1 Protection 4fa00 AUDIO_BLK_SIZE'
numid=1171,iface=MIXER,name='SPK2 DSP1 Protection 4fa00 BOOT_TO_RAM'
numid=1165,iface=MIXER,name='SPK2 DSP1 Protection 4fa00 BUILD_JOB_NAME'
numid=1166,iface=MIXER,name='SPK2 DSP1 Protection 4fa00 BUILD_JOB_NUMBER'
numid=1173,iface=MIXER,name='SPK2 DSP1 Protection 4fa00 BUZZ_EVENT_COUNT'
numid=1178,iface=MIXER,name='SPK2 DSP1 Protection 4fa00 CURRENT_CPU_LOAD'
numid=1181,iface=MIXER,name='SPK2 DSP1 Protection 4fa00 DIAGNST_CTRL'
numid=1169,iface=MIXER,name='SPK2 DSP1 Protection 4fa00 FIRMWARE_STATE'
numid=1163,iface=MIXER,name='SPK2 DSP1 Protection 4fa00 HALO_HEARTBEAT'
numid=1162,iface=MIXER,name='SPK2 DSP1 Protection 4fa00 HALO_STATE'
numid=1167,iface=MIXER,name='SPK2 DSP1 Protection 4fa00 L_SAMPLE_RATE_HW'
numid=1170,iface=MIXER,name='SPK2 DSP1 Protection 4fa00 OM_BOOT_COMPLETE'
numid=1177,iface=MIXER,name='SPK2 DSP1 Protection 4fa00 OTP_FAILED'
numid=1172,iface=MIXER,name='SPK2 DSP1 Protection 4fa00 OT_BUZZ_COMPLETE'
numid=1179,iface=MIXER,name='SPK2 DSP1 Protection 4fa00 PEAK_CPU_LOAD'
numid=1176,iface=MIXER,name='SPK2 DSP1 Protection 4fa00 P_UNPACKING_DONE'
numid=1174,iface=MIXER,name='SPK2 DSP1 Protection 4fa00 TP_NUM_SET_TRIMS'
numid=1180,iface=MIXER,name='SPK2 DSP1 Protection 4fa00 WDT_THRESHOLD'
numid=1175,iface=MIXER,name='SPK2 DSP1 Protection 4fa00 _TOTAL_NUM_TRIMS'
numid=1161,iface=MIXER,name='SPK2 DSP1 Protection 4fa00 nfig_XM_struct_t'
numid=1215,iface=MIXER,name='SPK2 DSP1 Protection cd ABLE_FULL_US_BYPASS'
numid=1212,iface=MIXER,name='SPK2 DSP1 Protection cd ATTENUATION'
numid=1209,iface=MIXER,name='SPK2 DSP1 Protection cd BDLOG_ABNORMAL_MUTE'
numid=1206,iface=MIXER,name='SPK2 DSP1 Protection cd BDLOG_MAX_EXC'
numid=1205,iface=MIXER,name='SPK2 DSP1 Protection cd BDLOG_MAX_TEMP'
numid=1191,iface=MIXER,name='SPK2 DSP1 Protection cd CAL_AMBIENT'
numid=1193,iface=MIXER,name='SPK2 DSP1 Protection cd CAL_CHECKSUM'
numid=1190,iface=MIXER,name='SPK2 DSP1 Protection cd CAL_R'
numid=1194,iface=MIXER,name='SPK2 DSP1 Protection cd CAL_R_SELECTED'
numid=1195,iface=MIXER,name='SPK2 DSP1 Protection cd CAL_SET_STATUS'
numid=1192,iface=MIXER,name='SPK2 DSP1 Protection cd CAL_STATUS'
numid=1211,iface=MIXER,name='SPK2 DSP1 Protection cd CH_BAL'
numid=1184,iface=MIXER,name='SPK2 DSP1 Protection cd CSPL_COMMAND'
numid=1220,iface=MIXER,name='SPK2 DSP1 Protection cd CSPL_CONFIG'
numid=1183,iface=MIXER,name='SPK2 DSP1 Protection cd CSPL_ENABLE'
numid=1186,iface=MIXER,name='SPK2 DSP1 Protection cd CSPL_ERRORNO'
numid=1188,iface=MIXER,name='SPK2 DSP1 Protection cd CSPL_OVERSIGHT_GAIN'
numid=1185,iface=MIXER,name='SPK2 DSP1 Protection cd CSPL_STATE'
numid=1187,iface=MIXER,name='SPK2 DSP1 Protection cd CSPL_TEMPERATURE'
numid=1214,iface=MIXER,name='SPK2 DSP1 Protection cd DC_OFFSET_HOLD_TIME'
numid=1196,iface=MIXER,name='SPK2 DSP1 Protection cd DIAG_F0'
numid=1198,iface=MIXER,name='SPK2 DSP1 Protection cd DIAG_F0_STATUS'
numid=1197,iface=MIXER,name='SPK2 DSP1 Protection cd DIAG_Z_LOW_DIFF'
numid=1208,iface=MIXER,name='SPK2 DSP1 Protection cd DLOG_OVER_EXC_COUNT'
numid=1207,iface=MIXER,name='SPK2 DSP1 Protection cd LOG_OVER_TEMP_COUNT'
numid=1219,iface=MIXER,name='SPK2 DSP1 Protection cd PDATE_PARAMS_CONFIG'
numid=1210,iface=MIXER,name='SPK2 DSP1 Protection cd REDUCE_POWER'
numid=1201,iface=MIXER,name='SPK2 DSP1 Protection cd RTLOG_COUNT'
numid=1204,iface=MIXER,name='SPK2 DSP1 Protection cd RTLOG_DATA'
numid=1199,iface=MIXER,name='SPK2 DSP1 Protection cd RTLOG_ENABLE'
numid=1202,iface=MIXER,name='SPK2 DSP1 Protection cd RTLOG_FRMPRWIN'
numid=1200,iface=MIXER,name='SPK2 DSP1 Protection cd RTLOG_STATE'
numid=1203,iface=MIXER,name='SPK2 DSP1 Protection cd RTLOG_VARIABLE'
numid=1213,iface=MIXER,name='SPK2 DSP1 Protection cd SPK_OUTPUT_POWER'
numid=1216,iface=MIXER,name='SPK2 DSP1 Protection cd S_USES_LEFT_CHANNEL'
numid=1189,iface=MIXER,name='SPK2 DSP1 Protection cd UPDT_PRMS'
numid=1217,iface=MIXER,name='SPK2 DSP1 Protection cd VMON_LOW_FLAG'
numid=1182,iface=MIXER,name='SPK2 DSP1 Protection cd cspl_XM_struct_t'
numid=1218,iface=MIXER,name='SPK2 DSP1 Protection cd cspl_YM_struct_t'
numid=1250,iface=MIXER,name='SPK2 DSP1 Protection f204 CLASS_D_CAL_DELAY'
numid=1249,iface=MIXER,name='SPK2 DSP1 Protection f204 CLASS_H_CAL_DELAY'
numid=1246,iface=MIXER,name='SPK2 DSP1 Protection f204 ISC'
numid=1248,iface=MIXER,name='SPK2 DSP1 Protection f204 VBSTMAX_IMON'
numid=1247,iface=MIXER,name='SPK2 DSP1 Protection f204 VBSTMAX_VMON'
numid=1244,iface=MIXER,name='SPK2 DSP1 Protection f204 VIMON_CAL_STATE'
numid=1245,iface=MIXER,name='SPK2 DSP1 Protection f204 VSC'
numid=1243,iface=MIXER,name='SPK2 DSP1 Protection f204 ation_XM_struct_t'
numid=1254,iface=MIXER,name='SPK2 DSP1 Protection f205 EFFICIENCY_DELAY'
numid=1252,iface=MIXER,name='SPK2 DSP1 Protection f205 EFFICIENCY_ENABLE'
numid=1253,iface=MIXER,name='SPK2 DSP1 Protection f205 EFFICIENCY_STATE'
numid=1251,iface=MIXER,name='SPK2 DSP1 Protection f205 iency_XM_struct_t'
numid=1226,iface=MIXER,name='SPK2 DSP1 Protection f206 ADE_IN_DELTA_GAIN'
numid=1224,iface=MIXER,name='SPK2 DSP1 Protection f206 DE_IN_NUM_SAMPLES'
numid=1227,iface=MIXER,name='SPK2 DSP1 Protection f206 DE_OUT_DELTA_GAIN'
numid=1225,iface=MIXER,name='SPK2 DSP1 Protection f206 E_OUT_NUM_SAMPLES'
numid=1228,iface=MIXER,name='SPK2 DSP1 Protection f206 FADE_GAIN'
numid=1223,iface=MIXER,name='SPK2 DSP1 Protection f206 MBOX_ACTIVE'
numid=1229,iface=MIXER,name='SPK2 DSP1 Protection f206 READY_TO_RESUME'
numid=1222,iface=MIXER,name='SPK2 DSP1 Protection f206 STATE'
numid=1221,iface=MIXER,name='SPK2 DSP1 Protection f206 esume_XM_struct_t'
numid=1233,iface=MIXER,name='SPK2 DSP1 Protection f20b BUFFER'
numid=1239,iface=MIXER,name='SPK2 DSP1 Protection f20b BUFFER_COUNT'
numid=1234,iface=MIXER,name='SPK2 DSP1 Protection f20b BUFFER_SIZE'
numid=1242,iface=MIXER,name='SPK2 DSP1 Protection f20b EVENTS'
numid=1231,iface=MIXER,name='SPK2 DSP1 Protection f20b EVNTLG_ENABLED'
numid=1240,iface=MIXER,name='SPK2 DSP1 Protection f20b FREE_SLOTS'
numid=1236,iface=MIXER,name='SPK2 DSP1 Protection f20b NUM_LOST_EVENTS'
numid=1237,iface=MIXER,name='SPK2 DSP1 Protection f20b OST_EVENT_COUNTER'
numid=1235,iface=MIXER,name='SPK2 DSP1 Protection f20b RANSFER_COMPLETED'
numid=1238,iface=MIXER,name='SPK2 DSP1 Protection f20b TRIGGER_INTERRUPT'
numid=1232,iface=MIXER,name='SPK2 DSP1 Protection f20b WAS_DISABLED'
numid=1241,iface=MIXER,name='SPK2 DSP1 Protection f20b W_PTR'
numid=1230,iface=MIXER,name='SPK2 DSP1 Protection f20b ogger_XM_struct_t'
numid=33,iface=MIXER,name='SPK2 DSP_RX1 Source'
numid=34,iface=MIXER,name='SPK2 DSP_RX2 Source'
numid=35,iface=MIXER,name='SPK2 DSP_RX3 Source'
numid=36,iface=MIXER,name='SPK2 DSP_RX4 Source'
numid=37,iface=MIXER,name='SPK2 DSP_RX5 Source'
numid=38,iface=MIXER,name='SPK2 DSP_RX6 Source'
numid=39,iface=MIXER,name='SPK2 DSP_RX7 Source'
numid=40,iface=MIXER,name='SPK2 DSP_RX8 Source'
numid=8,iface=MIXER,name='SPK2 Digital PCM Volume'
numid=147,iface=MIXER,name='TERT_MI2S_RX Audio Mixer MultiMedia1'
numid=148,iface=MIXER,name='TERT_MI2S_RX Audio Mixer MultiMedia2'
numid=149,iface=MIXER,name='TERT_MI2S_RX Audio Mixer MultiMedia3'
numid=150,iface=MIXER,name='TERT_MI2S_RX Audio Mixer MultiMedia4'
numid=151,iface=MIXER,name='TERT_MI2S_RX Audio Mixer MultiMedia5'
numid=152,iface=MIXER,name='TERT_MI2S_RX Audio Mixer MultiMedia6'
numid=153,iface=MIXER,name='TERT_MI2S_RX Audio Mixer MultiMedia7'
numid=154,iface=MIXER,name='TERT_MI2S_RX Audio Mixer MultiMedia8'
numid=283,iface=MIXER,name='TERT_TDM_RX_0 Audio Mixer MultiMedia1'
numid=284,iface=MIXER,name='TERT_TDM_RX_0 Audio Mixer MultiMedia2'
numid=285,iface=MIXER,name='TERT_TDM_RX_0 Audio Mixer MultiMedia3'
numid=286,iface=MIXER,name='TERT_TDM_RX_0 Audio Mixer MultiMedia4'
numid=287,iface=MIXER,name='TERT_TDM_RX_0 Audio Mixer MultiMedia5'
numid=288,iface=MIXER,name='TERT_TDM_RX_0 Audio Mixer MultiMedia6'
numid=289,iface=MIXER,name='TERT_TDM_RX_0 Audio Mixer MultiMedia7'
numid=290,iface=MIXER,name='TERT_TDM_RX_0 Audio Mixer MultiMedia8'
numid=291,iface=MIXER,name='TERT_TDM_RX_1 Audio Mixer MultiMedia1'
numid=292,iface=MIXER,name='TERT_TDM_RX_1 Audio Mixer MultiMedia2'
numid=293,iface=MIXER,name='TERT_TDM_RX_1 Audio Mixer MultiMedia3'
numid=294,iface=MIXER,name='TERT_TDM_RX_1 Audio Mixer MultiMedia4'
numid=295,iface=MIXER,name='TERT_TDM_RX_1 Audio Mixer MultiMedia5'
numid=296,iface=MIXER,name='TERT_TDM_RX_1 Audio Mixer MultiMedia6'
numid=297,iface=MIXER,name='TERT_TDM_RX_1 Audio Mixer MultiMedia7'
numid=298,iface=MIXER,name='TERT_TDM_RX_1 Audio Mixer MultiMedia8'
numid=299,iface=MIXER,name='TERT_TDM_RX_2 Audio Mixer MultiMedia1'
numid=300,iface=MIXER,name='TERT_TDM_RX_2 Audio Mixer MultiMedia2'
numid=301,iface=MIXER,name='TERT_TDM_RX_2 Audio Mixer MultiMedia3'
numid=302,iface=MIXER,name='TERT_TDM_RX_2 Audio Mixer MultiMedia4'
numid=303,iface=MIXER,name='TERT_TDM_RX_2 Audio Mixer MultiMedia5'
numid=304,iface=MIXER,name='TERT_TDM_RX_2 Audio Mixer MultiMedia6'
numid=305,iface=MIXER,name='TERT_TDM_RX_2 Audio Mixer MultiMedia7'
numid=306,iface=MIXER,name='TERT_TDM_RX_2 Audio Mixer MultiMedia8'
numid=307,iface=MIXER,name='TERT_TDM_RX_3 Audio Mixer MultiMedia1'
numid=308,iface=MIXER,name='TERT_TDM_RX_3 Audio Mixer MultiMedia2'
numid=309,iface=MIXER,name='TERT_TDM_RX_3 Audio Mixer MultiMedia3'
numid=310,iface=MIXER,name='TERT_TDM_RX_3 Audio Mixer MultiMedia4'
numid=311,iface=MIXER,name='TERT_TDM_RX_3 Audio Mixer MultiMedia5'
numid=312,iface=MIXER,name='TERT_TDM_RX_3 Audio Mixer MultiMedia6'
numid=313,iface=MIXER,name='TERT_TDM_RX_3 Audio Mixer MultiMedia7'
numid=314,iface=MIXER,name='TERT_TDM_RX_3 Audio Mixer MultiMedia8'
numid=315,iface=MIXER,name='TERT_TDM_RX_4 Audio Mixer MultiMedia1'
numid=316,iface=MIXER,name='TERT_TDM_RX_4 Audio Mixer MultiMedia2'
numid=317,iface=MIXER,name='TERT_TDM_RX_4 Audio Mixer MultiMedia3'
numid=318,iface=MIXER,name='TERT_TDM_RX_4 Audio Mixer MultiMedia4'
numid=319,iface=MIXER,name='TERT_TDM_RX_4 Audio Mixer MultiMedia5'
numid=320,iface=MIXER,name='TERT_TDM_RX_4 Audio Mixer MultiMedia6'
numid=321,iface=MIXER,name='TERT_TDM_RX_4 Audio Mixer MultiMedia7'
numid=322,iface=MIXER,name='TERT_TDM_RX_4 Audio Mixer MultiMedia8'
numid=323,iface=MIXER,name='TERT_TDM_RX_5 Audio Mixer MultiMedia1'
numid=324,iface=MIXER,name='TERT_TDM_RX_5 Audio Mixer MultiMedia2'
numid=325,iface=MIXER,name='TERT_TDM_RX_5 Audio Mixer MultiMedia3'
numid=326,iface=MIXER,name='TERT_TDM_RX_5 Audio Mixer MultiMedia4'
numid=327,iface=MIXER,name='TERT_TDM_RX_5 Audio Mixer MultiMedia5'
numid=328,iface=MIXER,name='TERT_TDM_RX_5 Audio Mixer MultiMedia6'
numid=329,iface=MIXER,name='TERT_TDM_RX_5 Audio Mixer MultiMedia7'
numid=330,iface=MIXER,name='TERT_TDM_RX_5 Audio Mixer MultiMedia8'
numid=331,iface=MIXER,name='TERT_TDM_RX_6 Audio Mixer MultiMedia1'
numid=332,iface=MIXER,name='TERT_TDM_RX_6 Audio Mixer MultiMedia2'
numid=333,iface=MIXER,name='TERT_TDM_RX_6 Audio Mixer MultiMedia3'
numid=334,iface=MIXER,name='TERT_TDM_RX_6 Audio Mixer MultiMedia4'
numid=335,iface=MIXER,name='TERT_TDM_RX_6 Audio Mixer MultiMedia5'
numid=336,iface=MIXER,name='TERT_TDM_RX_6 Audio Mixer MultiMedia6'
numid=337,iface=MIXER,name='TERT_TDM_RX_6 Audio Mixer MultiMedia7'
numid=338,iface=MIXER,name='TERT_TDM_RX_6 Audio Mixer MultiMedia8'
numid=339,iface=MIXER,name='TERT_TDM_RX_7 Audio Mixer MultiMedia1'
numid=340,iface=MIXER,name='TERT_TDM_RX_7 Audio Mixer MultiMedia2'
numid=341,iface=MIXER,name='TERT_TDM_RX_7 Audio Mixer MultiMedia3'
numid=342,iface=MIXER,name='TERT_TDM_RX_7 Audio Mixer MultiMedia4'
numid=343,iface=MIXER,name='TERT_TDM_RX_7 Audio Mixer MultiMedia5'
numid=344,iface=MIXER,name='TERT_TDM_RX_7 Audio Mixer MultiMedia6'
numid=345,iface=MIXER,name='TERT_TDM_RX_7 Audio Mixer MultiMedia7'
numid=346,iface=MIXER,name='TERT_TDM_RX_7 Audio Mixer MultiMedia8'
numid=475,iface=MIXER,name='WSA_CODEC_DMA_RX_0 Audio Mixer MultiMedia1'
numid=476,iface=MIXER,name='WSA_CODEC_DMA_RX_0 Audio Mixer MultiMedia2'
numid=477,iface=MIXER,name='WSA_CODEC_DMA_RX_0 Audio Mixer MultiMedia3'
numid=478,iface=MIXER,name='WSA_CODEC_DMA_RX_0 Audio Mixer MultiMedia4'
numid=479,iface=MIXER,name='WSA_CODEC_DMA_RX_0 Audio Mixer MultiMedia5'
numid=480,iface=MIXER,name='WSA_CODEC_DMA_RX_0 Audio Mixer MultiMedia6'
numid=481,iface=MIXER,name='WSA_CODEC_DMA_RX_0 Audio Mixer MultiMedia7'
numid=482,iface=MIXER,name='WSA_CODEC_DMA_RX_0 Audio Mixer MultiMedia8'
numid=483,iface=MIXER,name='WSA_CODEC_DMA_RX_1 Audio Mixer MultiMedia1'
numid=484,iface=MIXER,name='WSA_CODEC_DMA_RX_1 Audio Mixer MultiMedia2'
numid=485,iface=MIXER,name='WSA_CODEC_DMA_RX_1 Audio Mixer MultiMedia3'
numid=486,iface=MIXER,name='WSA_CODEC_DMA_RX_1 Audio Mixer MultiMedia4'
numid=487,iface=MIXER,name='WSA_CODEC_DMA_RX_1 Audio Mixer MultiMedia5'
numid=488,iface=MIXER,name='WSA_CODEC_DMA_RX_1 Audio Mixer MultiMedia6'
numid=489,iface=MIXER,name='WSA_CODEC_DMA_RX_1 Audio Mixer MultiMedia7'
numid=490,iface=MIXER,name='WSA_CODEC_DMA_RX_1 Audio Mixer MultiMedia8'
